{"/Users/roccosantonastasio/Documents/Android app/ArmadioDigitale/src/components/Header.js": {"path":"/Users/roccosantonastasio/Documents/Android app/ArmadioDigitale/src/components/Header.js","statementMap":{"0":{"start":{"line":5,"column":15},"end":{"line":17,"column":1}},"1":{"start":{"line":6,"column":14},"end":{"line":6,"column":30}},"2":{"start":{"line":7,"column":4},"end":{"line":16,"column":6}},"3":{"start":{"line":19,"column":15},"end":{"line":35,"column":2}}},"fnMap":{"0":{"name":"(anonymous_0)","decl":{"start":{"line":5,"column":15},"end":{"line":5,"column":16}},"loc":{"start":{"line":5,"column":38},"end":{"line":17,"column":1}},"line":5}},"branchMap":{"0":{"loc":{"start":{"line":9,"column":13},"end":{"line":13,"column":13}},"type":"binary-expr","locations":[{"start":{"line":9,"column":13},"end":{"line":9,"column":19}},{"start":{"line":10,"column":16},"end":{"line":12,"column":35}}],"line":9}},"s":{"0":0,"1":0,"2":0,"3":0},"f":{"0":0},"b":{"0":[0,0]}}
,"/Users/roccosantonastasio/Documents/Android app/ArmadioDigitale/src/components/ItemCard.js": {"path":"/Users/roccosantonastasio/Documents/Android app/ArmadioDigitale/src/components/ItemCard.js","statementMap":{"0":{"start":{"line":6,"column":17},"end":{"line":42,"column":1}},"1":{"start":{"line":7,"column":14},"end":{"line":7,"column":30}},"2":{"start":{"line":8,"column":21},"end":{"line":8,"column":129}},"3":{"start":{"line":10,"column":4},"end":{"line":41,"column":6}},"4":{"start":{"line":21,"column":27},"end":{"line":21,"column":51}},"5":{"start":{"line":44,"column":15},"end":{"line":54,"column":2}}},"fnMap":{"0":{"name":"(anonymous_0)","decl":{"start":{"line":6,"column":17},"end":{"line":6,"column":18}},"loc":{"start":{"line":6,"column":40},"end":{"line":42,"column":1}},"line":6},"1":{"name":"(anonymous_1)","decl":{"start":{"line":21,"column":21},"end":{"line":21,"column":22}},"loc":{"start":{"line":21,"column":27},"end":{"line":21,"column":51}},"line":21}},"branchMap":{"0":{"loc":{"start":{"line":8,"column":21},"end":{"line":8,"column":129}},"type":"binary-expr","locations":[{"start":{"line":8,"column":21},"end":{"line":8,"column":38}},{"start":{"line":8,"column":42},"end":{"line":8,"column":129}}],"line":8},"1":{"loc":{"start":{"line":8,"column":94},"end":{"line":8,"column":109}},"type":"binary-expr","locations":[{"start":{"line":8,"column":94},"end":{"line":8,"column":103}},{"start":{"line":8,"column":107},"end":{"line":8,"column":109}}],"line":8},"2":{"loc":{"start":{"line":18,"column":24},"end":{"line":18,"column":94}},"type":"cond-expr","locations":[{"start":{"line":18,"column":48},"end":{"line":18,"column":62}},{"start":{"line":18,"column":65},"end":{"line":18,"column":94}}],"line":18},"3":{"loc":{"start":{"line":21,"column":27},"end":{"line":21,"column":51}},"type":"binary-expr","locations":[{"start":{"line":21,"column":27},"end":{"line":21,"column":34}},{"start":{"line":21,"column":38},"end":{"line":21,"column":51}}],"line":21},"4":{"loc":{"start":{"line":29,"column":17},"end":{"line":33,"column":17}},"type":"binary-expr","locations":[{"start":{"line":29,"column":17},"end":{"line":29,"column":32}},{"start":{"line":30,"column":20},"end":{"line":32,"column":27}}],"line":29},"5":{"loc":{"start":{"line":34,"column":17},"end":{"line":38,"column":17}},"type":"binary-expr","locations":[{"start":{"line":34,"column":18},"end":{"line":34,"column":28}},{"start":{"line":34,"column":32},"end":{"line":34,"column":41}},{"start":{"line":35,"column":20},"end":{"line":37,"column":27}}],"line":34},"6":{"loc":{"start":{"line":36,"column":37},"end":{"line":36,"column":73}},"type":"cond-expr","locations":[{"start":{"line":36,"column":63},"end":{"line":36,"column":68}},{"start":{"line":36,"column":71},"end":{"line":36,"column":73}}],"line":36},"7":{"loc":{"start":{"line":36,"column":37},"end":{"line":36,"column":60}},"type":"binary-expr","locations":[{"start":{"line":36,"column":37},"end":{"line":36,"column":47}},{"start":{"line":36,"column":51},"end":{"line":36,"column":60}}],"line":36}},"s":{"0":0,"1":0,"2":0,"3":0,"4":0,"5":0},"f":{"0":0,"1":0},"b":{"0":[0,0],"1":[0,0],"2":[0,0],"3":[0,0],"4":[0,0],"5":[0,0,0],"6":[0,0],"7":[0,0]}}
,"/Users/roccosantonastasio/Documents/Android app/ArmadioDigitale/src/components/ItemForm.js": {"path":"/Users/roccosantonastasio/Documents/Android app/ArmadioDigitale/src/components/ItemForm.js","statementMap":{"0":{"start":{"line":5,"column":17},"end":{"line":33,"column":1}},"1":{"start":{"line":6,"column":14},"end":{"line":6,"column":30}},"2":{"start":{"line":7,"column":19},"end":{"line":7,"column":69}},"3":{"start":{"line":8,"column":4},"end":{"line":32,"column":6}},"4":{"start":{"line":11,"column":16},"end":{"line":29,"column":18}},"5":{"start":{"line":27,"column":42},"end":{"line":27,"column":91}},"6":{"start":{"line":27,"column":63},"end":{"line":27,"column":89}},"7":{"start":{"line":35,"column":15},"end":{"line":40,"column":2}}},"fnMap":{"0":{"name":"(anonymous_0)","decl":{"start":{"line":5,"column":17},"end":{"line":5,"column":18}},"loc":{"start":{"line":5,"column":57},"end":{"line":33,"column":1}},"line":5},"1":{"name":"(anonymous_1)","decl":{"start":{"line":10,"column":24},"end":{"line":10,"column":25}},"loc":{"start":{"line":11,"column":16},"end":{"line":29,"column":18}},"line":11},"2":{"name":"(anonymous_2)","decl":{"start":{"line":27,"column":34},"end":{"line":27,"column":35}},"loc":{"start":{"line":27,"column":42},"end":{"line":27,"column":91}},"line":27},"3":{"name":"(anonymous_3)","decl":{"start":{"line":27,"column":54},"end":{"line":27,"column":55}},"loc":{"start":{"line":27,"column":63},"end":{"line":27,"column":89}},"line":27}},"branchMap":{},"s":{"0":0,"1":0,"2":0,"3":0,"4":0,"5":0,"6":0,"7":0},"f":{"0":0,"1":0,"2":0,"3":0},"b":{}}
,"/Users/roccosantonastasio/Documents/Android app/ArmadioDigitale/src/components/LoadingOverlay.js": {"path":"/Users/roccosantonastasio/Documents/Android app/ArmadioDigitale/src/components/LoadingOverlay.js","statementMap":{"0":{"start":{"line":4,"column":23},"end":{"line":9,"column":1}},"1":{"start":{"line":5,"column":4},"end":{"line":8,"column":11}},"2":{"start":{"line":11,"column":15},"end":{"line":23,"column":2}}},"fnMap":{"0":{"name":"(anonymous_0)","decl":{"start":{"line":4,"column":23},"end":{"line":4,"column":24}},"loc":{"start":{"line":5,"column":4},"end":{"line":8,"column":11}},"line":5}},"branchMap":{"0":{"loc":{"start":{"line":4,"column":26},"end":{"line":4,"column":52}},"type":"default-arg","locations":[{"start":{"line":4,"column":36},"end":{"line":4,"column":52}}],"line":4}},"s":{"0":0,"1":0,"2":0},"f":{"0":0},"b":{"0":[0]}}
,"/Users/roccosantonastasio/Documents/Android app/ArmadioDigitale/src/components/PressableScale.js": {"path":"/Users/roccosantonastasio/Documents/Android app/ArmadioDigitale/src/components/PressableScale.js","statementMap":{"0":{"start":{"line":22,"column":26},"end":{"line":22,"column":69}},"1":{"start":{"line":24,"column":23},"end":{"line":59,"column":1}},"2":{"start":{"line":33,"column":16},"end":{"line":33,"column":33}},"3":{"start":{"line":35,"column":24},"end":{"line":37,"column":5}},"4":{"start":{"line":35,"column":48},"end":{"line":37,"column":3}},"5":{"start":{"line":39,"column":24},"end":{"line":41,"column":3}},"6":{"start":{"line":40,"column":4},"end":{"line":40,"column":56}},"7":{"start":{"line":43,"column":25},"end":{"line":45,"column":3}},"8":{"start":{"line":44,"column":4},"end":{"line":44,"column":46}},"9":{"start":{"line":47,"column":2},"end":{"line":58,"column":4}}},"fnMap":{"0":{"name":"(anonymous_0)","decl":{"start":{"line":24,"column":23},"end":{"line":24,"column":24}},"loc":{"start":{"line":32,"column":6},"end":{"line":59,"column":1}},"line":32},"1":{"name":"(anonymous_1)","decl":{"start":{"line":35,"column":41},"end":{"line":35,"column":42}},"loc":{"start":{"line":35,"column":48},"end":{"line":37,"column":3}},"line":35},"2":{"name":"(anonymous_2)","decl":{"start":{"line":39,"column":24},"end":{"line":39,"column":25}},"loc":{"start":{"line":39,"column":30},"end":{"line":41,"column":3}},"line":39},"3":{"name":"(anonymous_3)","decl":{"start":{"line":43,"column":25},"end":{"line":43,"column":26}},"loc":{"start":{"line":43,"column":31},"end":{"line":45,"column":3}},"line":43}},"branchMap":{"0":{"loc":{"start":{"line":28,"column":2},"end":{"line":28,"column":20}},"type":"default-arg","locations":[{"start":{"line":28,"column":16},"end":{"line":28,"column":20}}],"line":28},"1":{"loc":{"start":{"line":29,"column":2},"end":{"line":29,"column":48}},"type":"default-arg","locations":[{"start":{"line":29,"column":17},"end":{"line":29,"column":48}}],"line":29},"2":{"loc":{"start":{"line":30,"column":2},"end":{"line":30,"column":18}},"type":"default-arg","locations":[{"start":{"line":30,"column":13},"end":{"line":30,"column":18}}],"line":30}},"s":{"0":0,"1":0,"2":0,"3":0,"4":0,"5":0,"6":0,"7":0,"8":0,"9":0},"f":{"0":0,"1":0,"2":0,"3":0},"b":{"0":[0],"1":[0],"2":[0]}}
,"/Users/roccosantonastasio/Documents/Android app/ArmadioDigitale/src/config/appConfig.js": {"path":"/Users/roccosantonastasio/Documents/Android app/ArmadioDigitale/src/config/appConfig.js","statementMap":{"0":{"start":{"line":4,"column":22},"end":{"line":4,"column":79}}},"fnMap":{},"branchMap":{"0":{"loc":{"start":{"line":4,"column":22},"end":{"line":4,"column":79}},"type":"binary-expr","locations":[{"start":{"line":4,"column":22},"end":{"line":4,"column":57}},{"start":{"line":4,"column":61},"end":{"line":4,"column":79}}],"line":4}},"s":{"0":0},"f":{},"b":{"0":[0,0]}}
,"/Users/roccosantonastasio/Documents/Android app/ArmadioDigitale/src/config/firebaseConfig-withauth.js": {"path":"/Users/roccosantonastasio/Documents/Android app/ArmadioDigitale/src/config/firebaseConfig-withauth.js","statementMap":{"0":{"start":{"line":6,"column":23},"end":{"line":14,"column":1}},"1":{"start":{"line":18,"column":0},"end":{"line":25,"column":1}},"2":{"start":{"line":19,"column":4},"end":{"line":19,"column":49}},"3":{"start":{"line":20,"column":4},"end":{"line":20,"column":40}},"4":{"start":{"line":21,"column":4},"end":{"line":21,"column":44}},"5":{"start":{"line":23,"column":4},"end":{"line":23,"column":23}},"6":{"start":{"line":24,"column":4},"end":{"line":24,"column":48}},"7":{"start":{"line":30,"column":0},"end":{"line":37,"column":1}},"8":{"start":{"line":31,"column":4},"end":{"line":31,"column":65}},"9":{"start":{"line":32,"column":4},"end":{"line":32,"column":24}},"10":{"start":{"line":33,"column":4},"end":{"line":33,"column":52}},"11":{"start":{"line":35,"column":4},"end":{"line":35,"column":43}},"12":{"start":{"line":36,"column":4},"end":{"line":36,"column":16}},"13":{"start":{"line":39,"column":0},"end":{"line":44,"column":1}},"14":{"start":{"line":40,"column":4},"end":{"line":40,"column":27}},"15":{"start":{"line":41,"column":4},"end":{"line":41,"column":45}},"16":{"start":{"line":43,"column":4},"end":{"line":43,"column":48}},"17":{"start":{"line":46,"column":0},"end":{"line":51,"column":1}},"18":{"start":{"line":47,"column":4},"end":{"line":47,"column":30}},"19":{"start":{"line":48,"column":4},"end":{"line":48,"column":43}},"20":{"start":{"line":50,"column":4},"end":{"line":50,"column":46}},"21":{"start":{"line":55,"column":4},"end":{"line":60,"column":5}},"22":{"start":{"line":56,"column":8},"end":{"line":56,"column":51}},"23":{"start":{"line":57,"column":8},"end":{"line":57,"column":20}},"24":{"start":{"line":59,"column":8},"end":{"line":59,"column":48}}},"fnMap":{"0":{"name":"getAuthInstance","decl":{"start":{"line":54,"column":15},"end":{"line":54,"column":30}},"loc":{"start":{"line":54,"column":33},"end":{"line":61,"column":1}},"line":54}},"branchMap":{"0":{"loc":{"start":{"line":18,"column":0},"end":{"line":25,"column":1}},"type":"if","locations":[{"start":{"line":18,"column":0},"end":{"line":25,"column":1}},{"start":{"line":22,"column":7},"end":{"line":25,"column":1}}],"line":18},"1":{"loc":{"start":{"line":55,"column":4},"end":{"line":60,"column":5}},"type":"if","locations":[{"start":{"line":55,"column":4},"end":{"line":60,"column":5}},{"start":{"line":58,"column":11},"end":{"line":60,"column":5}}],"line":55}},"s":{"0":0,"1":0,"2":0,"3":0,"4":0,"5":0,"6":0,"7":0,"8":0,"9":0,"10":0,"11":0,"12":0,"13":0,"14":0,"15":0,"16":0,"17":0,"18":0,"19":0,"20":0,"21":0,"22":0,"23":0,"24":0},"f":{"0":0},"b":{"0":[0,0],"1":[0,0]}}
,"/Users/roccosantonastasio/Documents/Android app/ArmadioDigitale/src/config/firebaseConfig.js": {"path":"/Users/roccosantonastasio/Documents/Android app/ArmadioDigitale/src/config/firebaseConfig.js","statementMap":{"0":{"start":{"line":5,"column":23},"end":{"line":13,"column":1}},"1":{"start":{"line":17,"column":0},"end":{"line":24,"column":1}},"2":{"start":{"line":18,"column":4},"end":{"line":18,"column":49}},"3":{"start":{"line":19,"column":4},"end":{"line":19,"column":40}},"4":{"start":{"line":20,"column":4},"end":{"line":20,"column":44}},"5":{"start":{"line":22,"column":4},"end":{"line":22,"column":23}},"6":{"start":{"line":23,"column":4},"end":{"line":23,"column":48}},"7":{"start":{"line":29,"column":0},"end":{"line":34,"column":1}},"8":{"start":{"line":30,"column":4},"end":{"line":30,"column":27}},"9":{"start":{"line":31,"column":4},"end":{"line":31,"column":45}},"10":{"start":{"line":33,"column":4},"end":{"line":33,"column":48}},"11":{"start":{"line":36,"column":0},"end":{"line":41,"column":1}},"12":{"start":{"line":37,"column":4},"end":{"line":37,"column":30}},"13":{"start":{"line":38,"column":4},"end":{"line":38,"column":43}},"14":{"start":{"line":40,"column":4},"end":{"line":40,"column":46}},"15":{"start":{"line":44,"column":22},"end":{"line":48,"column":1}},"16":{"start":{"line":50,"column":0},"end":{"line":50,"column":72}},"17":{"start":{"line":54,"column":4},"end":{"line":54,"column":25}},"18":{"start":{"line":58,"column":4},"end":{"line":92,"column":5}},"19":{"start":{"line":59,"column":8},"end":{"line":59,"column":44}},"20":{"start":{"line":60,"column":56},"end":{"line":60,"column":90}},"21":{"start":{"line":62,"column":24},"end":{"line":66,"column":10}},"22":{"start":{"line":68,"column":8},"end":{"line":68,"column":56}},"23":{"start":{"line":70,"column":8},"end":{"line":70,"column":42}},"24":{"start":{"line":71,"column":53},"end":{"line":71,"column":85}},"25":{"start":{"line":74,"column":25},"end":{"line":74,"column":106}},"26":{"start":{"line":75,"column":24},"end":{"line":75,"column":96}},"27":{"start":{"line":77,"column":8},"end":{"line":77,"column":45}},"28":{"start":{"line":78,"column":28},"end":{"line":78,"column":57}},"29":{"start":{"line":80,"column":8},"end":{"line":80,"column":55}},"30":{"start":{"line":82,"column":8},"end":{"line":87,"column":10}},"31":{"start":{"line":90,"column":8},"end":{"line":90,"column":55}},"32":{"start":{"line":91,"column":8},"end":{"line":91,"column":20}}},"fnMap":{"0":{"name":"getCurrentUser","decl":{"start":{"line":53,"column":15},"end":{"line":53,"column":29}},"loc":{"start":{"line":53,"column":32},"end":{"line":55,"column":1}},"line":53},"1":{"name":"testFirebaseServices","decl":{"start":{"line":57,"column":15},"end":{"line":57,"column":35}},"loc":{"start":{"line":57,"column":38},"end":{"line":93,"column":1}},"line":57}},"branchMap":{"0":{"loc":{"start":{"line":17,"column":0},"end":{"line":24,"column":1}},"type":"if","locations":[{"start":{"line":17,"column":0},"end":{"line":24,"column":1}},{"start":{"line":21,"column":7},"end":{"line":24,"column":1}}],"line":17}},"s":{"0":0,"1":0,"2":0,"3":0,"4":0,"5":0,"6":0,"7":0,"8":0,"9":0,"10":0,"11":0,"12":0,"13":0,"14":0,"15":0,"16":0,"17":0,"18":0,"19":0,"20":0,"21":0,"22":0,"23":0,"24":0,"25":0,"26":0,"27":0,"28":0,"29":0,"30":0,"31":0,"32":0},"f":{"0":0,"1":0},"b":{"0":[0,0]}}
,"/Users/roccosantonastasio/Documents/Android app/ArmadioDigitale/src/contexts/AuthContext.js": {"path":"/Users/roccosantonastasio/Documents/Android app/ArmadioDigitale/src/contexts/AuthContext.js","statementMap":{"0":{"start":{"line":5,"column":20},"end":{"line":5,"column":37}},"1":{"start":{"line":7,"column":28},"end":{"line":194,"column":1}},"2":{"start":{"line":8,"column":26},"end":{"line":8,"column":40}},"3":{"start":{"line":9,"column":32},"end":{"line":9,"column":46}},"4":{"start":{"line":10,"column":42},"end":{"line":10,"column":56}},"5":{"start":{"line":13,"column":2},"end":{"line":21,"column":21}},"6":{"start":{"line":14,"column":24},"end":{"line":18,"column":6}},"7":{"start":{"line":15,"column":6},"end":{"line":15,"column":25}},"8":{"start":{"line":16,"column":6},"end":{"line":16,"column":47}},"9":{"start":{"line":16,"column":24},"end":{"line":16,"column":47}},"10":{"start":{"line":17,"column":6},"end":{"line":17,"column":24}},"11":{"start":{"line":20,"column":4},"end":{"line":20,"column":23}},"12":{"start":{"line":24,"column":17},"end":{"line":58,"column":3}},"13":{"start":{"line":25,"column":4},"end":{"line":57,"column":5}},"14":{"start":{"line":26,"column":6},"end":{"line":26,"column":23}},"15":{"start":{"line":27,"column":29},"end":{"line":27,"column":85}},"16":{"start":{"line":28,"column":6},"end":{"line":28,"column":58}},"17":{"start":{"line":30,"column":6},"end":{"line":30,"column":45}},"18":{"start":{"line":31,"column":20},"end":{"line":31,"column":45}},"19":{"start":{"line":33,"column":6},"end":{"line":52,"column":7}},"20":{"start":{"line":35,"column":10},"end":{"line":35,"column":39}},"21":{"start":{"line":36,"column":10},"end":{"line":36,"column":16}},"22":{"start":{"line":38,"column":10},"end":{"line":38,"column":42}},"23":{"start":{"line":39,"column":10},"end":{"line":39,"column":16}},"24":{"start":{"line":41,"column":10},"end":{"line":41,"column":41}},"25":{"start":{"line":42,"column":10},"end":{"line":42,"column":16}},"26":{"start":{"line":44,"column":10},"end":{"line":44,"column":38}},"27":{"start":{"line":45,"column":10},"end":{"line":45,"column":16}},"28":{"start":{"line":47,"column":10},"end":{"line":47,"column":45}},"29":{"start":{"line":48,"column":10},"end":{"line":48,"column":16}},"30":{"start":{"line":50,"column":10},"end":{"line":50,"column":58}},"31":{"start":{"line":51,"column":10},"end":{"line":51,"column":16}},"32":{"start":{"line":54,"column":6},"end":{"line":54,"column":48}},"33":{"start":{"line":56,"column":6},"end":{"line":56,"column":24}},"34":{"start":{"line":61,"column":17},"end":{"line":97,"column":3}},"35":{"start":{"line":62,"column":4},"end":{"line":96,"column":5}},"36":{"start":{"line":63,"column":6},"end":{"line":63,"column":23}},"37":{"start":{"line":64,"column":29},"end":{"line":64,"column":89}},"38":{"start":{"line":67,"column":6},"end":{"line":67,"column":56}},"39":{"start":{"line":69,"column":6},"end":{"line":73,"column":8}},"40":{"start":{"line":75,"column":6},"end":{"line":75,"column":45}},"41":{"start":{"line":76,"column":20},"end":{"line":76,"column":53}},"42":{"start":{"line":78,"column":6},"end":{"line":91,"column":7}},"43":{"start":{"line":80,"column":10},"end":{"line":80,"column":43}},"44":{"start":{"line":81,"column":10},"end":{"line":81,"column":16}},"45":{"start":{"line":83,"column":10},"end":{"line":83,"column":39}},"46":{"start":{"line":84,"column":10},"end":{"line":84,"column":16}},"47":{"start":{"line":86,"column":10},"end":{"line":86,"column":48}},"48":{"start":{"line":87,"column":10},"end":{"line":87,"column":16}},"49":{"start":{"line":89,"column":10},"end":{"line":89,"column":66}},"50":{"start":{"line":90,"column":10},"end":{"line":90,"column":16}},"51":{"start":{"line":93,"column":6},"end":{"line":93,"column":48}},"52":{"start":{"line":95,"column":6},"end":{"line":95,"column":24}},"53":{"start":{"line":100,"column":18},"end":{"line":111,"column":3}},"54":{"start":{"line":101,"column":4},"end":{"line":110,"column":5}},"55":{"start":{"line":102,"column":6},"end":{"line":102,"column":23}},"56":{"start":{"line":103,"column":6},"end":{"line":103,"column":29}},"57":{"start":{"line":104,"column":6},"end":{"line":104,"column":31}},"58":{"start":{"line":106,"column":6},"end":{"line":106,"column":46}},"59":{"start":{"line":107,"column":6},"end":{"line":107,"column":67}},"60":{"start":{"line":109,"column":6},"end":{"line":109,"column":24}},"61":{"start":{"line":114,"column":24},"end":{"line":136,"column":3}},"62":{"start":{"line":115,"column":4},"end":{"line":135,"column":5}},"63":{"start":{"line":116,"column":6},"end":{"line":116,"column":49}},"64":{"start":{"line":117,"column":6},"end":{"line":120,"column":8}},"65":{"start":{"line":122,"column":6},"end":{"line":122,"column":52}},"66":{"start":{"line":123,"column":20},"end":{"line":123,"column":60}},"67":{"start":{"line":125,"column":6},"end":{"line":132,"column":7}},"68":{"start":{"line":127,"column":10},"end":{"line":127,"column":39}},"69":{"start":{"line":128,"column":10},"end":{"line":128,"column":16}},"70":{"start":{"line":130,"column":10},"end":{"line":130,"column":41}},"71":{"start":{"line":131,"column":10},"end":{"line":131,"column":16}},"72":{"start":{"line":134,"column":6},"end":{"line":134,"column":48}},"73":{"start":{"line":139,"column":28},"end":{"line":159,"column":3}},"74":{"start":{"line":140,"column":4},"end":{"line":158,"column":5}},"75":{"start":{"line":141,"column":26},"end":{"line":141,"column":44}},"76":{"start":{"line":142,"column":6},"end":{"line":144,"column":7}},"77":{"start":{"line":143,"column":8},"end":{"line":143,"column":67}},"78":{"start":{"line":146,"column":6},"end":{"line":149,"column":9}},"79":{"start":{"line":152,"column":6},"end":{"line":152,"column":57}},"80":{"start":{"line":154,"column":6},"end":{"line":154,"column":31}},"81":{"start":{"line":156,"column":6},"end":{"line":156,"column":52}},"82":{"start":{"line":157,"column":6},"end":{"line":157,"column":86}},"83":{"start":{"line":162,"column":34},"end":{"line":178,"column":3}},"84":{"start":{"line":163,"column":4},"end":{"line":177,"column":5}},"85":{"start":{"line":164,"column":26},"end":{"line":164,"column":44}},"86":{"start":{"line":165,"column":6},"end":{"line":167,"column":7}},"87":{"start":{"line":166,"column":8},"end":{"line":166,"column":67}},"88":{"start":{"line":169,"column":6},"end":{"line":169,"column":48}},"89":{"start":{"line":170,"column":6},"end":{"line":173,"column":8}},"90":{"start":{"line":175,"column":6},"end":{"line":175,"column":57}},"91":{"start":{"line":176,"column":6},"end":{"line":176,"column":90}},"92":{"start":{"line":180,"column":16},"end":{"line":191,"column":3}},"93":{"start":{"line":193,"column":2},"end":{"line":193,"column":79}},"94":{"start":{"line":196,"column":23},"end":{"line":202,"column":1}},"95":{"start":{"line":197,"column":18},"end":{"line":197,"column":41}},"96":{"start":{"line":198,"column":2},"end":{"line":200,"column":3}},"97":{"start":{"line":199,"column":4},"end":{"line":199,"column":67}},"98":{"start":{"line":201,"column":2},"end":{"line":201,"column":17}}},"fnMap":{"0":{"name":"(anonymous_0)","decl":{"start":{"line":7,"column":28},"end":{"line":7,"column":29}},"loc":{"start":{"line":7,"column":46},"end":{"line":194,"column":1}},"line":7},"1":{"name":"(anonymous_1)","decl":{"start":{"line":13,"column":12},"end":{"line":13,"column":13}},"loc":{"start":{"line":13,"column":18},"end":{"line":21,"column":3}},"line":13},"2":{"name":"(anonymous_2)","decl":{"start":{"line":14,"column":50},"end":{"line":14,"column":51}},"loc":{"start":{"line":14,"column":65},"end":{"line":18,"column":5}},"line":14},"3":{"name":"(anonymous_3)","decl":{"start":{"line":24,"column":17},"end":{"line":24,"column":18}},"loc":{"start":{"line":24,"column":44},"end":{"line":58,"column":3}},"line":24},"4":{"name":"(anonymous_4)","decl":{"start":{"line":61,"column":17},"end":{"line":61,"column":18}},"loc":{"start":{"line":61,"column":44},"end":{"line":97,"column":3}},"line":61},"5":{"name":"(anonymous_5)","decl":{"start":{"line":100,"column":18},"end":{"line":100,"column":19}},"loc":{"start":{"line":100,"column":30},"end":{"line":111,"column":3}},"line":100},"6":{"name":"(anonymous_6)","decl":{"start":{"line":114,"column":24},"end":{"line":114,"column":25}},"loc":{"start":{"line":114,"column":41},"end":{"line":136,"column":3}},"line":114},"7":{"name":"(anonymous_7)","decl":{"start":{"line":139,"column":28},"end":{"line":139,"column":29}},"loc":{"start":{"line":139,"column":61},"end":{"line":159,"column":3}},"line":139},"8":{"name":"(anonymous_8)","decl":{"start":{"line":162,"column":34},"end":{"line":162,"column":35}},"loc":{"start":{"line":162,"column":46},"end":{"line":178,"column":3}},"line":162},"9":{"name":"(anonymous_9)","decl":{"start":{"line":196,"column":23},"end":{"line":196,"column":24}},"loc":{"start":{"line":196,"column":29},"end":{"line":202,"column":1}},"line":196}},"branchMap":{"0":{"loc":{"start":{"line":16,"column":6},"end":{"line":16,"column":47}},"type":"if","locations":[{"start":{"line":16,"column":6},"end":{"line":16,"column":47}},{"start":{},"end":{}}],"line":16},"1":{"loc":{"start":{"line":33,"column":6},"end":{"line":52,"column":7}},"type":"switch","locations":[{"start":{"line":34,"column":8},"end":{"line":36,"column":16}},{"start":{"line":37,"column":8},"end":{"line":39,"column":16}},{"start":{"line":40,"column":8},"end":{"line":42,"column":16}},{"start":{"line":43,"column":8},"end":{"line":45,"column":16}},{"start":{"line":46,"column":8},"end":{"line":48,"column":16}},{"start":{"line":49,"column":8},"end":{"line":51,"column":16}}],"line":33},"2":{"loc":{"start":{"line":78,"column":6},"end":{"line":91,"column":7}},"type":"switch","locations":[{"start":{"line":79,"column":8},"end":{"line":81,"column":16}},{"start":{"line":82,"column":8},"end":{"line":84,"column":16}},{"start":{"line":85,"column":8},"end":{"line":87,"column":16}},{"start":{"line":88,"column":8},"end":{"line":90,"column":16}}],"line":78},"3":{"loc":{"start":{"line":125,"column":6},"end":{"line":132,"column":7}},"type":"switch","locations":[{"start":{"line":126,"column":8},"end":{"line":128,"column":16}},{"start":{"line":129,"column":8},"end":{"line":131,"column":16}}],"line":125},"4":{"loc":{"start":{"line":142,"column":6},"end":{"line":144,"column":7}},"type":"if","locations":[{"start":{"line":142,"column":6},"end":{"line":144,"column":7}},{"start":{},"end":{}}],"line":142},"5":{"loc":{"start":{"line":147,"column":21},"end":{"line":147,"column":59}},"type":"binary-expr","locations":[{"start":{"line":147,"column":21},"end":{"line":147,"column":32}},{"start":{"line":147,"column":36},"end":{"line":147,"column":59}}],"line":147},"6":{"loc":{"start":{"line":148,"column":18},"end":{"line":148,"column":50}},"type":"binary-expr","locations":[{"start":{"line":148,"column":18},"end":{"line":148,"column":26}},{"start":{"line":148,"column":30},"end":{"line":148,"column":50}}],"line":148},"7":{"loc":{"start":{"line":165,"column":6},"end":{"line":167,"column":7}},"type":"if","locations":[{"start":{"line":165,"column":6},"end":{"line":167,"column":7}},{"start":{},"end":{}}],"line":165},"8":{"loc":{"start":{"line":198,"column":2},"end":{"line":200,"column":3}},"type":"if","locations":[{"start":{"line":198,"column":2},"end":{"line":200,"column":3}},{"start":{},"end":{}}],"line":198}},"s":{"0":0,"1":0,"2":0,"3":0,"4":0,"5":0,"6":0,"7":0,"8":0,"9":0,"10":0,"11":0,"12":0,"13":0,"14":0,"15":0,"16":0,"17":0,"18":0,"19":0,"20":0,"21":0,"22":0,"23":0,"24":0,"25":0,"26":0,"27":0,"28":0,"29":0,"30":0,"31":0,"32":0,"33":0,"34":0,"35":0,"36":0,"37":0,"38":0,"39":0,"40":0,"41":0,"42":0,"43":0,"44":0,"45":0,"46":0,"47":0,"48":0,"49":0,"50":0,"51":0,"52":0,"53":0,"54":0,"55":0,"56":0,"57":0,"58":0,"59":0,"60":0,"61":0,"62":0,"63":0,"64":0,"65":0,"66":0,"67":0,"68":0,"69":0,"70":0,"71":0,"72":0,"73":0,"74":0,"75":0,"76":0,"77":0,"78":0,"79":0,"80":0,"81":0,"82":0,"83":0,"84":0,"85":0,"86":0,"87":0,"88":0,"89":0,"90":0,"91":0,"92":0,"93":0,"94":0,"95":0,"96":0,"97":0,"98":0},"f":{"0":0,"1":0,"2":0,"3":0,"4":0,"5":0,"6":0,"7":0,"8":0,"9":0},"b":{"0":[0,0],"1":[0,0,0,0,0,0],"2":[0,0,0,0],"3":[0,0],"4":[0,0],"5":[0,0],"6":[0,0],"7":[0,0],"8":[0,0]}}
,"/Users/roccosantonastasio/Documents/Android app/ArmadioDigitale/src/design/tokens.js": {"path":"/Users/roccosantonastasio/Documents/Android app/ArmadioDigitale/src/design/tokens.js","statementMap":{"0":{"start":{"line":9,"column":13},"end":{"line":52,"column":1}},"1":{"start":{"line":55,"column":26},"end":{"line":77,"column":1}},"2":{"start":{"line":79,"column":27},"end":{"line":101,"column":1}},"3":{"start":{"line":105,"column":22},"end":{"line":124,"column":1}},"4":{"start":{"line":127,"column":17},"end":{"line":127,"column":59}},"5":{"start":{"line":128,"column":2},"end":{"line":141,"column":4}},"6":{"start":{"line":133,"column":18},"end":{"line":138,"column":7}},"7":{"start":{"line":139,"column":6},"end":{"line":139,"column":71}},"8":{"start":{"line":145,"column":17},"end":{"line":145,"column":43}},"9":{"start":{"line":146,"column":2},"end":{"line":146,"column":27}}},"fnMap":{"0":{"name":"getTokens","decl":{"start":{"line":126,"column":16},"end":{"line":126,"column":25}},"loc":{"start":{"line":126,"column":41},"end":{"line":142,"column":1}},"line":126},"1":{"name":"(anonymous_1)","decl":{"start":{"line":132,"column":12},"end":{"line":132,"column":13}},"loc":{"start":{"line":132,"column":30},"end":{"line":140,"column":5}},"line":132},"2":{"name":"useThemeTokens","decl":{"start":{"line":144,"column":16},"end":{"line":144,"column":30}},"loc":{"start":{"line":144,"column":33},"end":{"line":147,"column":1}},"line":144}},"branchMap":{"0":{"loc":{"start":{"line":126,"column":26},"end":{"line":126,"column":39}},"type":"default-arg","locations":[{"start":{"line":126,"column":33},"end":{"line":126,"column":39}}],"line":126},"1":{"loc":{"start":{"line":127,"column":17},"end":{"line":127,"column":59}},"type":"cond-expr","locations":[{"start":{"line":127,"column":35},"end":{"line":127,"column":45}},{"start":{"line":127,"column":48},"end":{"line":127,"column":59}}],"line":127},"2":{"loc":{"start":{"line":132,"column":13},"end":{"line":132,"column":25}},"type":"default-arg","locations":[{"start":{"line":132,"column":21},"end":{"line":132,"column":25}}],"line":132},"3":{"loc":{"start":{"line":139,"column":47},"end":{"line":139,"column":67}},"type":"binary-expr","locations":[{"start":{"line":139,"column":47},"end":{"line":139,"column":57}},{"start":{"line":139,"column":61},"end":{"line":139,"column":67}}],"line":139},"4":{"loc":{"start":{"line":145,"column":17},"end":{"line":145,"column":43}},"type":"binary-expr","locations":[{"start":{"line":145,"column":17},"end":{"line":145,"column":33}},{"start":{"line":145,"column":37},"end":{"line":145,"column":43}}],"line":145}},"s":{"0":0,"1":0,"2":0,"3":0,"4":0,"5":0,"6":0,"7":0,"8":0,"9":0},"f":{"0":0,"1":0,"2":0},"b":{"0":[0],"1":[0,0],"2":[0],"3":[0,0],"4":[0,0]}}
,"/Users/roccosantonastasio/Documents/Android app/ArmadioDigitale/src/lib/ai.js": {"path":"/Users/roccosantonastasio/Documents/Android app/ArmadioDigitale/src/lib/ai.js","statementMap":{"0":{"start":{"line":3,"column":15},"end":{"line":3,"column":76}},"1":{"start":{"line":5,"column":38},"end":{"line":40,"column":1}},"2":{"start":{"line":6,"column":27},"end":{"line":6,"column":97}},"3":{"start":{"line":7,"column":18},"end":{"line":7,"column":70}},"4":{"start":{"line":8,"column":2},"end":{"line":39,"column":3}},"5":{"start":{"line":8,"column":21},"end":{"line":8,"column":22}},"6":{"start":{"line":9,"column":4},"end":{"line":38,"column":5}},"7":{"start":{"line":10,"column":23},"end":{"line":14,"column":8}},"8":{"start":{"line":15,"column":6},"end":{"line":31,"column":7}},"9":{"start":{"line":16,"column":23},"end":{"line":16,"column":44}},"10":{"start":{"line":17,"column":8},"end":{"line":25,"column":9}},"11":{"start":{"line":18,"column":10},"end":{"line":24,"column":12}},"12":{"start":{"line":26,"column":8},"end":{"line":26,"column":67}},"13":{"start":{"line":27,"column":13},"end":{"line":31,"column":7}},"14":{"start":{"line":28,"column":22},"end":{"line":28,"column":72}},"15":{"start":{"line":29,"column":8},"end":{"line":29,"column":53}},"16":{"start":{"line":29,"column":31},"end":{"line":29,"column":51}},"17":{"start":{"line":30,"column":8},"end":{"line":30,"column":17}},"18":{"start":{"line":32,"column":19},"end":{"line":32,"column":40}},"19":{"start":{"line":33,"column":6},"end":{"line":33,"column":74}},"20":{"start":{"line":35,"column":6},"end":{"line":35,"column":33}},"21":{"start":{"line":35,"column":25},"end":{"line":35,"column":33}},"22":{"start":{"line":36,"column":20},"end":{"line":36,"column":70}},"23":{"start":{"line":37,"column":6},"end":{"line":37,"column":51}},"24":{"start":{"line":37,"column":29},"end":{"line":37,"column":49}},"25":{"start":{"line":42,"column":42},"end":{"line":56,"column":1}},"26":{"start":{"line":43,"column":27},"end":{"line":43,"column":111}},"27":{"start":{"line":44,"column":2},"end":{"line":55,"column":3}},"28":{"start":{"line":45,"column":21},"end":{"line":49,"column":6}},"29":{"start":{"line":50,"column":4},"end":{"line":50,"column":32}},"30":{"start":{"line":50,"column":22},"end":{"line":50,"column":32}},"31":{"start":{"line":51,"column":19},"end":{"line":51,"column":40}},"32":{"start":{"line":52,"column":4},"end":{"line":52,"column":41}},"33":{"start":{"line":54,"column":4},"end":{"line":54,"column":14}},"34":{"start":{"line":58,"column":35},"end":{"line":83,"column":1}},"35":{"start":{"line":59,"column":20},"end":{"line":59,"column":110}},"36":{"start":{"line":59,"column":47},"end":{"line":59,"column":98}},"37":{"start":{"line":60,"column":23},"end":{"line":60,"column":104}},"38":{"start":{"line":61,"column":21},"end":{"line":61,"column":74}},"39":{"start":{"line":62,"column":17},"end":{"line":62,"column":125}},"40":{"start":{"line":63,"column":18},"end":{"line":63,"column":123}},"41":{"start":{"line":64,"column":2},"end":{"line":82,"column":3}},"42":{"start":{"line":64,"column":21},"end":{"line":64,"column":22}},"43":{"start":{"line":65,"column":4},"end":{"line":81,"column":5}},"44":{"start":{"line":66,"column":18},"end":{"line":66,"column":137}},"45":{"start":{"line":67,"column":6},"end":{"line":74,"column":7}},"46":{"start":{"line":68,"column":23},"end":{"line":68,"column":39}},"47":{"start":{"line":69,"column":8},"end":{"line":69,"column":101}},"48":{"start":{"line":70,"column":13},"end":{"line":74,"column":7}},"49":{"start":{"line":71,"column":22},"end":{"line":71,"column":72}},"50":{"start":{"line":72,"column":8},"end":{"line":72,"column":53}},"51":{"start":{"line":72,"column":31},"end":{"line":72,"column":51}},"52":{"start":{"line":73,"column":8},"end":{"line":73,"column":17}},"53":{"start":{"line":75,"column":19},"end":{"line":75,"column":35}},"54":{"start":{"line":76,"column":6},"end":{"line":76,"column":28}},"55":{"start":{"line":78,"column":6},"end":{"line":78,"column":91}},"56":{"start":{"line":78,"column":25},"end":{"line":78,"column":91}},"57":{"start":{"line":79,"column":20},"end":{"line":79,"column":70}},"58":{"start":{"line":80,"column":6},"end":{"line":80,"column":51}},"59":{"start":{"line":80,"column":29},"end":{"line":80,"column":49}}},"fnMap":{"0":{"name":"(anonymous_0)","decl":{"start":{"line":5,"column":38},"end":{"line":5,"column":39}},"loc":{"start":{"line":5,"column":61},"end":{"line":40,"column":1}},"line":5},"1":{"name":"(anonymous_1)","decl":{"start":{"line":29,"column":26},"end":{"line":29,"column":27}},"loc":{"start":{"line":29,"column":31},"end":{"line":29,"column":51}},"line":29},"2":{"name":"(anonymous_2)","decl":{"start":{"line":37,"column":24},"end":{"line":37,"column":25}},"loc":{"start":{"line":37,"column":29},"end":{"line":37,"column":49}},"line":37},"3":{"name":"(anonymous_3)","decl":{"start":{"line":42,"column":42},"end":{"line":42,"column":43}},"loc":{"start":{"line":42,"column":69},"end":{"line":56,"column":1}},"line":42},"4":{"name":"(anonymous_4)","decl":{"start":{"line":58,"column":35},"end":{"line":58,"column":36}},"loc":{"start":{"line":58,"column":74},"end":{"line":83,"column":1}},"line":58},"5":{"name":"(anonymous_5)","decl":{"start":{"line":59,"column":39},"end":{"line":59,"column":40}},"loc":{"start":{"line":59,"column":47},"end":{"line":59,"column":98}},"line":59},"6":{"name":"(anonymous_6)","decl":{"start":{"line":72,"column":26},"end":{"line":72,"column":27}},"loc":{"start":{"line":72,"column":31},"end":{"line":72,"column":51}},"line":72},"7":{"name":"(anonymous_7)","decl":{"start":{"line":80,"column":24},"end":{"line":80,"column":25}},"loc":{"start":{"line":80,"column":29},"end":{"line":80,"column":49}},"line":80}},"branchMap":{"0":{"loc":{"start":{"line":3,"column":15},"end":{"line":3,"column":76}},"type":"binary-expr","locations":[{"start":{"line":3,"column":15},"end":{"line":3,"column":70}},{"start":{"line":3,"column":74},"end":{"line":3,"column":76}}],"line":3},"1":{"loc":{"start":{"line":15,"column":6},"end":{"line":31,"column":7}},"type":"if","locations":[{"start":{"line":15,"column":6},"end":{"line":31,"column":7}},{"start":{"line":27,"column":13},"end":{"line":31,"column":7}}],"line":15},"2":{"loc":{"start":{"line":17,"column":8},"end":{"line":25,"column":9}},"type":"if","locations":[{"start":{"line":17,"column":8},"end":{"line":25,"column":9}},{"start":{},"end":{}}],"line":17},"3":{"loc":{"start":{"line":17,"column":12},"end":{"line":17,"column":41}},"type":"binary-expr","locations":[{"start":{"line":17,"column":12},"end":{"line":17,"column":26}},{"start":{"line":17,"column":30},"end":{"line":17,"column":41}}],"line":17},"4":{"loc":{"start":{"line":19,"column":18},"end":{"line":19,"column":64}},"type":"binary-expr","locations":[{"start":{"line":19,"column":18},"end":{"line":19,"column":34}},{"start":{"line":19,"column":38},"end":{"line":19,"column":58}},{"start":{"line":19,"column":62},"end":{"line":19,"column":64}}],"line":19},"5":{"loc":{"start":{"line":20,"column":22},"end":{"line":20,"column":48}},"type":"binary-expr","locations":[{"start":{"line":20,"column":22},"end":{"line":20,"column":42}},{"start":{"line":20,"column":46},"end":{"line":20,"column":48}}],"line":20},"6":{"loc":{"start":{"line":21,"column":23},"end":{"line":21,"column":46}},"type":"binary-expr","locations":[{"start":{"line":21,"column":23},"end":{"line":21,"column":40}},{"start":{"line":21,"column":44},"end":{"line":21,"column":46}}],"line":21},"7":{"loc":{"start":{"line":22,"column":19},"end":{"line":22,"column":49}},"type":"binary-expr","locations":[{"start":{"line":22,"column":19},"end":{"line":22,"column":36}},{"start":{"line":22,"column":40},"end":{"line":22,"column":49}}],"line":22},"8":{"loc":{"start":{"line":23,"column":18},"end":{"line":23,"column":40}},"type":"binary-expr","locations":[{"start":{"line":23,"column":18},"end":{"line":23,"column":34}},{"start":{"line":23,"column":38},"end":{"line":23,"column":40}}],"line":23},"9":{"loc":{"start":{"line":26,"column":24},"end":{"line":26,"column":65}},"type":"binary-expr","locations":[{"start":{"line":26,"column":24},"end":{"line":26,"column":36}},{"start":{"line":26,"column":40},"end":{"line":26,"column":65}}],"line":26},"10":{"loc":{"start":{"line":27,"column":13},"end":{"line":31,"column":7}},"type":"if","locations":[{"start":{"line":27,"column":13},"end":{"line":31,"column":7}},{"start":{},"end":{}}],"line":27},"11":{"loc":{"start":{"line":27,"column":17},"end":{"line":27,"column":55}},"type":"binary-expr","locations":[{"start":{"line":27,"column":17},"end":{"line":27,"column":40}},{"start":{"line":27,"column":44},"end":{"line":27,"column":55}}],"line":27},"12":{"loc":{"start":{"line":35,"column":6},"end":{"line":35,"column":33}},"type":"if","locations":[{"start":{"line":35,"column":6},"end":{"line":35,"column":33}},{"start":{},"end":{}}],"line":35},"13":{"loc":{"start":{"line":50,"column":4},"end":{"line":50,"column":32}},"type":"if","locations":[{"start":{"line":50,"column":4},"end":{"line":50,"column":32}},{"start":{},"end":{}}],"line":50},"14":{"loc":{"start":{"line":52,"column":11},"end":{"line":52,"column":40}},"type":"binary-expr","locations":[{"start":{"line":52,"column":11},"end":{"line":52,"column":34}},{"start":{"line":52,"column":38},"end":{"line":52,"column":40}}],"line":52},"15":{"loc":{"start":{"line":67,"column":6},"end":{"line":74,"column":7}},"type":"if","locations":[{"start":{"line":67,"column":6},"end":{"line":74,"column":7}},{"start":{"line":70,"column":13},"end":{"line":74,"column":7}}],"line":67},"16":{"loc":{"start":{"line":69,"column":15},"end":{"line":69,"column":100}},"type":"binary-expr","locations":[{"start":{"line":69,"column":15},"end":{"line":69,"column":65}},{"start":{"line":69,"column":69},"end":{"line":69,"column":100}}],"line":69},"17":{"loc":{"start":{"line":70,"column":13},"end":{"line":74,"column":7}},"type":"if","locations":[{"start":{"line":70,"column":13},"end":{"line":74,"column":7}},{"start":{},"end":{}}],"line":70},"18":{"loc":{"start":{"line":70,"column":17},"end":{"line":70,"column":50}},"type":"binary-expr","locations":[{"start":{"line":70,"column":17},"end":{"line":70,"column":35}},{"start":{"line":70,"column":39},"end":{"line":70,"column":50}}],"line":70},"19":{"loc":{"start":{"line":78,"column":6},"end":{"line":78,"column":91}},"type":"if","locations":[{"start":{"line":78,"column":6},"end":{"line":78,"column":91}},{"start":{},"end":{}}],"line":78}},"s":{"0":1,"1":1,"2":10,"3":10,"4":10,"5":10,"6":23,"7":23,"8":16,"9":8,"10":8,"11":7,"12":1,"13":6,"14":1,"15":1,"16":1,"17":1,"18":5,"19":5,"20":15,"21":3,"22":12,"23":12,"24":12,"25":1,"26":3,"27":3,"28":3,"29":2,"30":1,"31":1,"32":1,"33":1,"34":1,"35":5,"36":10,"37":5,"38":5,"39":5,"40":5,"41":5,"42":5,"43":10,"44":10,"45":10,"46":4,"47":4,"48":6,"49":1,"50":1,"51":1,"52":1,"53":5,"54":5,"55":5,"56":1,"57":4,"58":4,"59":4},"f":{"0":10,"1":1,"2":12,"3":3,"4":5,"5":10,"6":1,"7":4},"b":{"0":[1,1],"1":[8,6],"2":[7,1],"3":[8,7],"4":[7,1,0],"5":[7,0],"6":[7,0],"7":[7,1],"8":[7,7],"9":[1,0],"10":[1,5],"11":[6,1],"12":[3,12],"13":[1,1],"14":[1,0],"15":[4,6],"16":[4,1],"17":[1,5],"18":[6,1],"19":[1,4]},"_coverageSchema":"1a1c01bbd47fc00a2c39e90264f33305004495a9","hash":"34e2a075448acffdbe31f7d82cc5f3429f9ca016"}
,"/Users/roccosantonastasio/Documents/Android app/ArmadioDigitale/src/navigation/CustomTabBar.js": {"path":"/Users/roccosantonastasio/Documents/Android app/ArmadioDigitale/src/navigation/CustomTabBar.js","statementMap":{"0":{"start":{"line":7,"column":21},"end":{"line":63,"column":1}},"1":{"start":{"line":8,"column":2},"end":{"line":62,"column":4}},"2":{"start":{"line":13,"column":32},"end":{"line":13,"column":54}},"3":{"start":{"line":14,"column":26},"end":{"line":14,"column":45}},"4":{"start":{"line":15,"column":30},"end":{"line":15,"column":51}},"5":{"start":{"line":16,"column":28},"end":{"line":20,"column":13}},"6":{"start":{"line":17,"column":14},"end":{"line":17,"column":69}},"7":{"start":{"line":18,"column":28},"end":{"line":18,"column":109}},"8":{"start":{"line":19,"column":14},"end":{"line":19,"column":89}},"9":{"start":{"line":19,"column":57},"end":{"line":19,"column":89}},"10":{"start":{"line":21,"column":25},"end":{"line":21,"column":62}},"11":{"start":{"line":22,"column":30},"end":{"line":22,"column":79}},"12":{"start":{"line":23,"column":12},"end":{"line":28,"column":14}},"13":{"start":{"line":34,"column":32},"end":{"line":34,"column":54}},"14":{"start":{"line":35,"column":26},"end":{"line":35,"column":45}},"15":{"start":{"line":36,"column":30},"end":{"line":36,"column":55}},"16":{"start":{"line":37,"column":28},"end":{"line":41,"column":13}},"17":{"start":{"line":38,"column":14},"end":{"line":38,"column":69}},"18":{"start":{"line":39,"column":28},"end":{"line":39,"column":109}},"19":{"start":{"line":40,"column":14},"end":{"line":40,"column":89}},"20":{"start":{"line":40,"column":57},"end":{"line":40,"column":89}},"21":{"start":{"line":42,"column":25},"end":{"line":42,"column":69}},"22":{"start":{"line":43,"column":30},"end":{"line":43,"column":79}},"23":{"start":{"line":44,"column":12},"end":{"line":49,"column":14}},"24":{"start":{"line":54,"column":8},"end":{"line":54,"column":64}},"25":{"start":{"line":55,"column":8},"end":{"line":55,"column":39}},"26":{"start":{"line":65,"column":15},"end":{"line":75,"column":2}}},"fnMap":{"0":{"name":"(anonymous_0)","decl":{"start":{"line":7,"column":21},"end":{"line":7,"column":22}},"loc":{"start":{"line":7,"column":61},"end":{"line":63,"column":1}},"line":7},"1":{"name":"(anonymous_1)","decl":{"start":{"line":12,"column":40},"end":{"line":12,"column":41}},"loc":{"start":{"line":12,"column":58},"end":{"line":29,"column":11}},"line":12},"2":{"name":"(anonymous_2)","decl":{"start":{"line":16,"column":28},"end":{"line":16,"column":29}},"loc":{"start":{"line":16,"column":34},"end":{"line":20,"column":13}},"line":16},"3":{"name":"(anonymous_3)","decl":{"start":{"line":33,"column":40},"end":{"line":33,"column":41}},"loc":{"start":{"line":33,"column":58},"end":{"line":50,"column":11}},"line":33},"4":{"name":"(anonymous_4)","decl":{"start":{"line":37,"column":28},"end":{"line":37,"column":29}},"loc":{"start":{"line":37,"column":34},"end":{"line":41,"column":13}},"line":37},"5":{"name":"(anonymous_5)","decl":{"start":{"line":53,"column":33},"end":{"line":53,"column":34}},"loc":{"start":{"line":53,"column":39},"end":{"line":56,"column":7}},"line":53}},"branchMap":{"0":{"loc":{"start":{"line":19,"column":14},"end":{"line":19,"column":89}},"type":"if","locations":[{"start":{"line":19,"column":14},"end":{"line":19,"column":89}},{"start":{},"end":{}}],"line":19},"1":{"loc":{"start":{"line":19,"column":18},"end":{"line":19,"column":55}},"type":"binary-expr","locations":[{"start":{"line":19,"column":18},"end":{"line":19,"column":28}},{"start":{"line":19,"column":32},"end":{"line":19,"column":55}}],"line":19},"2":{"loc":{"start":{"line":21,"column":25},"end":{"line":21,"column":62}},"type":"cond-expr","locations":[{"start":{"line":21,"column":52},"end":{"line":21,"column":56}},{"start":{"line":21,"column":59},"end":{"line":21,"column":62}}],"line":21},"3":{"loc":{"start":{"line":22,"column":30},"end":{"line":22,"column":79}},"type":"cond-expr","locations":[{"start":{"line":22,"column":42},"end":{"line":22,"column":58}},{"start":{"line":22,"column":61},"end":{"line":22,"column":79}}],"line":22},"4":{"loc":{"start":{"line":25,"column":63},"end":{"line":25,"column":82}},"type":"cond-expr","locations":[{"start":{"line":25,"column":75},"end":{"line":25,"column":78}},{"start":{"line":25,"column":81},"end":{"line":25,"column":82}}],"line":25},"5":{"loc":{"start":{"line":26,"column":44},"end":{"line":26,"column":75}},"type":"binary-expr","locations":[{"start":{"line":26,"column":44},"end":{"line":26,"column":53}},{"start":{"line":26,"column":57},"end":{"line":26,"column":75}}],"line":26},"6":{"loc":{"start":{"line":40,"column":14},"end":{"line":40,"column":89}},"type":"if","locations":[{"start":{"line":40,"column":14},"end":{"line":40,"column":89}},{"start":{},"end":{}}],"line":40},"7":{"loc":{"start":{"line":40,"column":18},"end":{"line":40,"column":55}},"type":"binary-expr","locations":[{"start":{"line":40,"column":18},"end":{"line":40,"column":28}},{"start":{"line":40,"column":32},"end":{"line":40,"column":55}}],"line":40},"8":{"loc":{"start":{"line":42,"column":25},"end":{"line":42,"column":69}},"type":"cond-expr","locations":[{"start":{"line":42,"column":53},"end":{"line":42,"column":62}},{"start":{"line":42,"column":65},"end":{"line":42,"column":69}}],"line":42},"9":{"loc":{"start":{"line":43,"column":30},"end":{"line":43,"column":79}},"type":"cond-expr","locations":[{"start":{"line":43,"column":42},"end":{"line":43,"column":58}},{"start":{"line":43,"column":61},"end":{"line":43,"column":79}}],"line":43},"10":{"loc":{"start":{"line":46,"column":63},"end":{"line":46,"column":82}},"type":"cond-expr","locations":[{"start":{"line":46,"column":75},"end":{"line":46,"column":78}},{"start":{"line":46,"column":81},"end":{"line":46,"column":82}}],"line":46},"11":{"loc":{"start":{"line":47,"column":44},"end":{"line":47,"column":75}},"type":"binary-expr","locations":[{"start":{"line":47,"column":44},"end":{"line":47,"column":53}},{"start":{"line":47,"column":57},"end":{"line":47,"column":75}}],"line":47},"12":{"loc":{"start":{"line":66,"column":92},"end":{"line":66,"column":123}},"type":"cond-expr","locations":[{"start":{"line":66,"column":116},"end":{"line":66,"column":118}},{"start":{"line":66,"column":121},"end":{"line":66,"column":123}}],"line":66},"13":{"loc":{"start":{"line":73,"column":50},"end":{"line":73,"column":81}},"type":"cond-expr","locations":[{"start":{"line":73,"column":74},"end":{"line":73,"column":76}},{"start":{"line":73,"column":79},"end":{"line":73,"column":81}}],"line":73}},"s":{"0":0,"1":0,"2":0,"3":0,"4":0,"5":0,"6":0,"7":0,"8":0,"9":0,"10":0,"11":0,"12":0,"13":0,"14":0,"15":0,"16":0,"17":0,"18":0,"19":0,"20":0,"21":0,"22":0,"23":0,"24":0,"25":0,"26":0},"f":{"0":0,"1":0,"2":0,"3":0,"4":0,"5":0},"b":{"0":[0,0],"1":[0,0],"2":[0,0],"3":[0,0],"4":[0,0],"5":[0,0],"6":[0,0],"7":[0,0],"8":[0,0],"9":[0,0],"10":[0,0],"11":[0,0],"12":[0,0],"13":[0,0]}}
,"/Users/roccosantonastasio/Documents/Android app/ArmadioDigitale/src/navigation/HomeStackNavigator.js": {"path":"/Users/roccosantonastasio/Documents/Android app/ArmadioDigitale/src/navigation/HomeStackNavigator.js","statementMap":{"0":{"start":{"line":7,"column":14},"end":{"line":7,"column":42}},"1":{"start":{"line":9,"column":27},"end":{"line":14,"column":1}},"2":{"start":{"line":10,"column":2},"end":{"line":13,"column":20}}},"fnMap":{"0":{"name":"(anonymous_0)","decl":{"start":{"line":9,"column":27},"end":{"line":9,"column":28}},"loc":{"start":{"line":10,"column":2},"end":{"line":13,"column":20}},"line":10}},"branchMap":{},"s":{"0":0,"1":0,"2":0},"f":{"0":0},"b":{}}
,"/Users/roccosantonastasio/Documents/Android app/ArmadioDigitale/src/navigation/MainTabNavigator.js": {"path":"/Users/roccosantonastasio/Documents/Android app/ArmadioDigitale/src/navigation/MainTabNavigator.js","statementMap":{"0":{"start":{"line":10,"column":12},"end":{"line":10,"column":38}},"1":{"start":{"line":12,"column":25},"end":{"line":26,"column":1}},"2":{"start":{"line":13,"column":2},"end":{"line":25,"column":18}},"3":{"start":{"line":13,"column":36},"end":{"line":13,"column":63}},"4":{"start":{"line":15,"column":13},"end":{"line":15,"column":47}},"5":{"start":{"line":18,"column":13},"end":{"line":18,"column":51}},"6":{"start":{"line":23,"column":13},"end":{"line":23,"column":50}}},"fnMap":{"0":{"name":"(anonymous_0)","decl":{"start":{"line":12,"column":25},"end":{"line":12,"column":26}},"loc":{"start":{"line":13,"column":2},"end":{"line":25,"column":18}},"line":13},"1":{"name":"(anonymous_1)","decl":{"start":{"line":13,"column":25},"end":{"line":13,"column":26}},"loc":{"start":{"line":13,"column":36},"end":{"line":13,"column":63}},"line":13},"2":{"name":"(anonymous_2)","decl":{"start":{"line":15,"column":7},"end":{"line":15,"column":8}},"loc":{"start":{"line":15,"column":13},"end":{"line":15,"column":47}},"line":15},"3":{"name":"(anonymous_3)","decl":{"start":{"line":18,"column":7},"end":{"line":18,"column":8}},"loc":{"start":{"line":18,"column":13},"end":{"line":18,"column":51}},"line":18},"4":{"name":"(anonymous_4)","decl":{"start":{"line":23,"column":7},"end":{"line":23,"column":8}},"loc":{"start":{"line":23,"column":13},"end":{"line":23,"column":50}},"line":23}},"branchMap":{},"s":{"0":0,"1":0,"2":0,"3":0,"4":0,"5":0,"6":0},"f":{"0":0,"1":0,"2":0,"3":0,"4":0},"b":{}}
,"/Users/roccosantonastasio/Documents/Android app/ArmadioDigitale/src/navigation/OutfitAIStackNavigator.js": {"path":"/Users/roccosantonastasio/Documents/Android app/ArmadioDigitale/src/navigation/OutfitAIStackNavigator.js","statementMap":{"0":{"start":{"line":6,"column":14},"end":{"line":6,"column":42}},"1":{"start":{"line":8,"column":31},"end":{"line":12,"column":1}},"2":{"start":{"line":9,"column":2},"end":{"line":11,"column":20}}},"fnMap":{"0":{"name":"(anonymous_0)","decl":{"start":{"line":8,"column":31},"end":{"line":8,"column":32}},"loc":{"start":{"line":9,"column":2},"end":{"line":11,"column":20}},"line":9}},"branchMap":{},"s":{"0":0,"1":0,"2":0},"f":{"0":0},"b":{}}
,"/Users/roccosantonastasio/Documents/Android app/ArmadioDigitale/src/navigation/ProfileStackNavigator.js": {"path":"/Users/roccosantonastasio/Documents/Android app/ArmadioDigitale/src/navigation/ProfileStackNavigator.js","statementMap":{"0":{"start":{"line":6,"column":14},"end":{"line":6,"column":42}},"1":{"start":{"line":8,"column":30},"end":{"line":12,"column":1}},"2":{"start":{"line":9,"column":2},"end":{"line":11,"column":20}}},"fnMap":{"0":{"name":"(anonymous_0)","decl":{"start":{"line":8,"column":30},"end":{"line":8,"column":31}},"loc":{"start":{"line":9,"column":2},"end":{"line":11,"column":20}},"line":9}},"branchMap":{},"s":{"0":0,"1":0,"2":0},"f":{"0":0},"b":{}}
,"/Users/roccosantonastasio/Documents/Android app/ArmadioDigitale/src/screens/AddItemScreen.js": {"path":"/Users/roccosantonastasio/Documents/Android app/ArmadioDigitale/src/screens/AddItemScreen.js","statementMap":{"0":{"start":{"line":11,"column":22},"end":{"line":198,"column":1}},"1":{"start":{"line":12,"column":21},"end":{"line":12,"column":67}},"2":{"start":{"line":13,"column":42},"end":{"line":13,"column":56}},"3":{"start":{"line":14,"column":46},"end":{"line":14,"column":60}},"4":{"start":{"line":15,"column":44},"end":{"line":15,"column":58}},"5":{"start":{"line":16,"column":36},"end":{"line":16,"column":108}},"6":{"start":{"line":17,"column":34},"end":{"line":17,"column":49}},"7":{"start":{"line":18,"column":32},"end":{"line":18,"column":44}},"8":{"start":{"line":19,"column":50},"end":{"line":19,"column":62}},"9":{"start":{"line":20,"column":48},"end":{"line":20,"column":62}},"10":{"start":{"line":22,"column":30},"end":{"line":40,"column":5}},"11":{"start":{"line":23,"column":27},"end":{"line":23,"column":82}},"12":{"start":{"line":24,"column":8},"end":{"line":27,"column":9}},"13":{"start":{"line":25,"column":12},"end":{"line":25,"column":77}},"14":{"start":{"line":26,"column":12},"end":{"line":26,"column":19}},"15":{"start":{"line":28,"column":23},"end":{"line":28,"column":132}},"16":{"start":{"line":29,"column":8},"end":{"line":39,"column":9}},"17":{"start":{"line":30,"column":24},"end":{"line":30,"column":44}},"18":{"start":{"line":31,"column":27},"end":{"line":31,"column":50}},"19":{"start":{"line":32,"column":12},"end":{"line":32,"column":33}},"20":{"start":{"line":33,"column":12},"end":{"line":33,"column":34}},"21":{"start":{"line":34,"column":12},"end":{"line":34,"column":35}},"22":{"start":{"line":35,"column":12},"end":{"line":35,"column":88}},"23":{"start":{"line":36,"column":12},"end":{"line":36,"column":35}},"24":{"start":{"line":37,"column":12},"end":{"line":37,"column":36}},"25":{"start":{"line":38,"column":12},"end":{"line":38,"column":48}},"26":{"start":{"line":38,"column":24},"end":{"line":38,"column":48}},"27":{"start":{"line":42,"column":28},"end":{"line":60,"column":5}},"28":{"start":{"line":43,"column":27},"end":{"line":43,"column":76}},"29":{"start":{"line":44,"column":8},"end":{"line":47,"column":9}},"30":{"start":{"line":45,"column":12},"end":{"line":45,"column":79}},"31":{"start":{"line":46,"column":12},"end":{"line":46,"column":19}},"32":{"start":{"line":48,"column":23},"end":{"line":48,"column":126}},"33":{"start":{"line":49,"column":8},"end":{"line":59,"column":9}},"34":{"start":{"line":50,"column":24},"end":{"line":50,"column":44}},"35":{"start":{"line":51,"column":27},"end":{"line":51,"column":50}},"36":{"start":{"line":52,"column":12},"end":{"line":52,"column":33}},"37":{"start":{"line":53,"column":12},"end":{"line":53,"column":34}},"38":{"start":{"line":54,"column":12},"end":{"line":54,"column":35}},"39":{"start":{"line":55,"column":12},"end":{"line":55,"column":88}},"40":{"start":{"line":56,"column":12},"end":{"line":56,"column":35}},"41":{"start":{"line":57,"column":12},"end":{"line":57,"column":36}},"42":{"start":{"line":58,"column":12},"end":{"line":58,"column":48}},"43":{"start":{"line":58,"column":24},"end":{"line":58,"column":48}},"44":{"start":{"line":62,"column":27},"end":{"line":70,"column":5}},"45":{"start":{"line":63,"column":29},"end":{"line":67,"column":18}},"46":{"start":{"line":68,"column":8},"end":{"line":68,"column":60}},"47":{"start":{"line":68,"column":29},"end":{"line":68,"column":60}},"48":{"start":{"line":69,"column":8},"end":{"line":69,"column":20}},"49":{"start":{"line":72,"column":28},"end":{"line":95,"column":5}},"50":{"start":{"line":73,"column":8},"end":{"line":73,"column":25}},"51":{"start":{"line":74,"column":8},"end":{"line":74,"column":64}},"52":{"start":{"line":75,"column":8},"end":{"line":94,"column":9}},"53":{"start":{"line":76,"column":29},"end":{"line":76,"column":65}},"54":{"start":{"line":77,"column":12},"end":{"line":77,"column":60}},"55":{"start":{"line":77,"column":33},"end":{"line":77,"column":57}},"56":{"start":{"line":78,"column":12},"end":{"line":78,"column":61}},"57":{"start":{"line":79,"column":30},"end":{"line":79,"column":60}},"58":{"start":{"line":80,"column":12},"end":{"line":85,"column":13}},"59":{"start":{"line":81,"column":16},"end":{"line":81,"column":45}},"60":{"start":{"line":82,"column":16},"end":{"line":82,"column":62}},"61":{"start":{"line":83,"column":16},"end":{"line":83,"column":34}},"62":{"start":{"line":84,"column":16},"end":{"line":84,"column":23}},"63":{"start":{"line":86,"column":12},"end":{"line":86,"column":64}},"64":{"start":{"line":87,"column":25},"end":{"line":87,"column":98}},"65":{"start":{"line":88,"column":12},"end":{"line":88,"column":37}},"66":{"start":{"line":89,"column":12},"end":{"line":89,"column":66}},"67":{"start":{"line":91,"column":12},"end":{"line":91,"column":74}},"68":{"start":{"line":93,"column":12},"end":{"line":93,"column":30}},"69":{"start":{"line":97,"column":21},"end":{"line":124,"column":5}},"70":{"start":{"line":98,"column":8},"end":{"line":101,"column":9}},"71":{"start":{"line":99,"column":12},"end":{"line":99,"column":86}},"72":{"start":{"line":100,"column":12},"end":{"line":100,"column":19}},"73":{"start":{"line":102,"column":8},"end":{"line":102,"column":25}},"74":{"start":{"line":103,"column":8},"end":{"line":103,"column":56}},"75":{"start":{"line":104,"column":8},"end":{"line":123,"column":9}},"76":{"start":{"line":105,"column":27},"end":{"line":105,"column":48}},"77":{"start":{"line":106,"column":29},"end":{"line":106,"column":88}},"78":{"start":{"line":107,"column":12},"end":{"line":107,"column":65}},"79":{"start":{"line":108,"column":32},"end":{"line":108,"column":78}},"80":{"start":{"line":109,"column":29},"end":{"line":115,"column":13}},"81":{"start":{"line":116,"column":12},"end":{"line":116,"column":114}},"82":{"start":{"line":117,"column":12},"end":{"line":117,"column":54}},"83":{"start":{"line":118,"column":12},"end":{"line":118,"column":32}},"84":{"start":{"line":120,"column":12},"end":{"line":120,"column":45}},"85":{"start":{"line":122,"column":12},"end":{"line":122,"column":30}},"86":{"start":{"line":126,"column":4},"end":{"line":197,"column":6}},"87":{"start":{"line":130,"column":53},"end":{"line":130,"column":72}},"88":{"start":{"line":169,"column":28},"end":{"line":178,"column":35}},"89":{"start":{"line":173,"column":55},"end":{"line":173,"column":99}},"90":{"start":{"line":173,"column":76},"end":{"line":173,"column":97}},"91":{"start":{"line":185,"column":32},"end":{"line":187,"column":51}},"92":{"start":{"line":185,"column":75},"end":{"line":185,"column":99}},"93":{"start":{"line":200,"column":15},"end":{"line":226,"column":2}}},"fnMap":{"0":{"name":"(anonymous_0)","decl":{"start":{"line":11,"column":22},"end":{"line":11,"column":23}},"loc":{"start":{"line":11,"column":49},"end":{"line":198,"column":1}},"line":11},"1":{"name":"(anonymous_1)","decl":{"start":{"line":22,"column":30},"end":{"line":22,"column":31}},"loc":{"start":{"line":22,"column":42},"end":{"line":40,"column":5}},"line":22},"2":{"name":"(anonymous_2)","decl":{"start":{"line":42,"column":28},"end":{"line":42,"column":29}},"loc":{"start":{"line":42,"column":40},"end":{"line":60,"column":5}},"line":42},"3":{"name":"(anonymous_3)","decl":{"start":{"line":62,"column":27},"end":{"line":62,"column":28}},"loc":{"start":{"line":62,"column":49},"end":{"line":70,"column":5}},"line":62},"4":{"name":"(anonymous_4)","decl":{"start":{"line":72,"column":28},"end":{"line":72,"column":29}},"loc":{"start":{"line":72,"column":46},"end":{"line":95,"column":5}},"line":72},"5":{"name":"(anonymous_5)","decl":{"start":{"line":77,"column":24},"end":{"line":77,"column":25}},"loc":{"start":{"line":77,"column":33},"end":{"line":77,"column":57}},"line":77},"6":{"name":"(anonymous_6)","decl":{"start":{"line":97,"column":21},"end":{"line":97,"column":22}},"loc":{"start":{"line":97,"column":33},"end":{"line":124,"column":5}},"line":97},"7":{"name":"(anonymous_7)","decl":{"start":{"line":130,"column":47},"end":{"line":130,"column":48}},"loc":{"start":{"line":130,"column":53},"end":{"line":130,"column":72}},"line":130},"8":{"name":"(anonymous_8)","decl":{"start":{"line":168,"column":80},"end":{"line":168,"column":81}},"loc":{"start":{"line":169,"column":28},"end":{"line":178,"column":35}},"line":169},"9":{"name":"(anonymous_9)","decl":{"start":{"line":173,"column":50},"end":{"line":173,"column":51}},"loc":{"start":{"line":173,"column":55},"end":{"line":173,"column":99}},"line":173},"10":{"name":"(anonymous_10)","decl":{"start":{"line":173,"column":67},"end":{"line":173,"column":68}},"loc":{"start":{"line":173,"column":76},"end":{"line":173,"column":97}},"line":173},"11":{"name":"(anonymous_11)","decl":{"start":{"line":184,"column":49},"end":{"line":184,"column":50}},"loc":{"start":{"line":185,"column":32},"end":{"line":187,"column":51}},"line":185},"12":{"name":"(anonymous_12)","decl":{"start":{"line":185,"column":69},"end":{"line":185,"column":70}},"loc":{"start":{"line":185,"column":75},"end":{"line":185,"column":99}},"line":185}},"branchMap":{"0":{"loc":{"start":{"line":12,"column":21},"end":{"line":12,"column":67}},"type":"binary-expr","locations":[{"start":{"line":12,"column":21},"end":{"line":12,"column":33}},{"start":{"line":12,"column":37},"end":{"line":12,"column":67}}],"line":12},"1":{"loc":{"start":{"line":24,"column":8},"end":{"line":27,"column":9}},"type":"if","locations":[{"start":{"line":24,"column":8},"end":{"line":27,"column":9}},{"start":{},"end":{}}],"line":24},"2":{"loc":{"start":{"line":29,"column":8},"end":{"line":39,"column":9}},"type":"if","locations":[{"start":{"line":29,"column":8},"end":{"line":39,"column":9}},{"start":{},"end":{}}],"line":29},"3":{"loc":{"start":{"line":38,"column":12},"end":{"line":38,"column":48}},"type":"if","locations":[{"start":{"line":38,"column":12},"end":{"line":38,"column":48}},{"start":{},"end":{}}],"line":38},"4":{"loc":{"start":{"line":44,"column":8},"end":{"line":47,"column":9}},"type":"if","locations":[{"start":{"line":44,"column":8},"end":{"line":47,"column":9}},{"start":{},"end":{}}],"line":44},"5":{"loc":{"start":{"line":49,"column":8},"end":{"line":59,"column":9}},"type":"if","locations":[{"start":{"line":49,"column":8},"end":{"line":59,"column":9}},{"start":{},"end":{}}],"line":49},"6":{"loc":{"start":{"line":58,"column":12},"end":{"line":58,"column":48}},"type":"if","locations":[{"start":{"line":58,"column":12},"end":{"line":58,"column":48}},{"start":{},"end":{}}],"line":58},"7":{"loc":{"start":{"line":68,"column":8},"end":{"line":68,"column":60}},"type":"if","locations":[{"start":{"line":68,"column":8},"end":{"line":68,"column":60}},{"start":{},"end":{}}],"line":68},"8":{"loc":{"start":{"line":80,"column":12},"end":{"line":85,"column":13}},"type":"if","locations":[{"start":{"line":80,"column":12},"end":{"line":85,"column":13}},{"start":{},"end":{}}],"line":80},"9":{"loc":{"start":{"line":98,"column":8},"end":{"line":101,"column":9}},"type":"if","locations":[{"start":{"line":98,"column":8},"end":{"line":101,"column":9}},{"start":{},"end":{}}],"line":98},"10":{"loc":{"start":{"line":98,"column":12},"end":{"line":98,"column":89}},"type":"binary-expr","locations":[{"start":{"line":98,"column":12},"end":{"line":98,"column":26}},{"start":{"line":98,"column":30},"end":{"line":98,"column":44}},{"start":{"line":98,"column":48},"end":{"line":98,"column":66}},{"start":{"line":98,"column":70},"end":{"line":98,"column":89}}],"line":98},"11":{"loc":{"start":{"line":127,"column":60},"end":{"line":127,"column":105}},"type":"cond-expr","locations":[{"start":{"line":127,"column":84},"end":{"line":127,"column":93}},{"start":{"line":127,"column":96},"end":{"line":127,"column":105}}],"line":127},"12":{"loc":{"start":{"line":137,"column":25},"end":{"line":137,"column":120}},"type":"binary-expr","locations":[{"start":{"line":137,"column":25},"end":{"line":137,"column":32}},{"start":{"line":137,"column":36},"end":{"line":137,"column":120}}],"line":137},"13":{"loc":{"start":{"line":140,"column":21},"end":{"line":149,"column":21}},"type":"cond-expr","locations":[{"start":{"line":141,"column":24},"end":{"line":143,"column":31}},{"start":{"line":145,"column":24},"end":{"line":148,"column":31}}],"line":140},"14":{"loc":{"start":{"line":160,"column":21},"end":{"line":165,"column":21}},"type":"binary-expr","locations":[{"start":{"line":160,"column":21},"end":{"line":160,"column":35}},{"start":{"line":161,"column":24},"end":{"line":164,"column":31}}],"line":160},"15":{"loc":{"start":{"line":172,"column":43},"end":{"line":172,"column":62}},"type":"binary-expr","locations":[{"start":{"line":172,"column":43},"end":{"line":172,"column":56}},{"start":{"line":172,"column":60},"end":{"line":172,"column":62}}],"line":172},"16":{"loc":{"start":{"line":181,"column":21},"end":{"line":190,"column":21}},"type":"binary-expr","locations":[{"start":{"line":181,"column":21},"end":{"line":181,"column":47}},{"start":{"line":182,"column":24},"end":{"line":189,"column":31}}],"line":181},"17":{"loc":{"start":{"line":192,"column":90},"end":{"line":192,"column":145}},"type":"cond-expr","locations":[{"start":{"line":192,"column":100},"end":{"line":192,"column":116}},{"start":{"line":192,"column":119},"end":{"line":192,"column":145}}],"line":192}},"s":{"0":0,"1":0,"2":0,"3":0,"4":0,"5":0,"6":0,"7":0,"8":0,"9":0,"10":0,"11":0,"12":0,"13":0,"14":0,"15":0,"16":0,"17":0,"18":0,"19":0,"20":0,"21":0,"22":0,"23":0,"24":0,"25":0,"26":0,"27":0,"28":0,"29":0,"30":0,"31":0,"32":0,"33":0,"34":0,"35":0,"36":0,"37":0,"38":0,"39":0,"40":0,"41":0,"42":0,"43":0,"44":0,"45":0,"46":0,"47":0,"48":0,"49":0,"50":0,"51":0,"52":0,"53":0,"54":0,"55":0,"56":0,"57":0,"58":0,"59":0,"60":0,"61":0,"62":0,"63":0,"64":0,"65":0,"66":0,"67":0,"68":0,"69":0,"70":0,"71":0,"72":0,"73":0,"74":0,"75":0,"76":0,"77":0,"78":0,"79":0,"80":0,"81":0,"82":0,"83":0,"84":0,"85":0,"86":0,"87":0,"88":0,"89":0,"90":0,"91":0,"92":0,"93":0},"f":{"0":0,"1":0,"2":0,"3":0,"4":0,"5":0,"6":0,"7":0,"8":0,"9":0,"10":0,"11":0,"12":0},"b":{"0":[0,0],"1":[0,0],"2":[0,0],"3":[0,0],"4":[0,0],"5":[0,0],"6":[0,0],"7":[0,0],"8":[0,0],"9":[0,0],"10":[0,0,0,0],"11":[0,0],"12":[0,0],"13":[0,0],"14":[0,0],"15":[0,0],"16":[0,0],"17":[0,0]}}
,"/Users/roccosantonastasio/Documents/Android app/ArmadioDigitale/src/screens/AuthScreen.js": {"path":"/Users/roccosantonastasio/Documents/Android app/ArmadioDigitale/src/screens/AuthScreen.js","statementMap":{"0":{"start":{"line":5,"column":19},"end":{"line":141,"column":1}},"1":{"start":{"line":6,"column":30},"end":{"line":6,"column":42}},"2":{"start":{"line":7,"column":36},"end":{"line":7,"column":48}},"3":{"start":{"line":8,"column":34},"end":{"line":8,"column":48}},"4":{"start":{"line":9,"column":54},"end":{"line":9,"column":69}},"5":{"start":{"line":11,"column":55},"end":{"line":11,"column":64}},"6":{"start":{"line":13,"column":23},"end":{"line":36,"column":5}},"7":{"start":{"line":14,"column":8},"end":{"line":17,"column":9}},"8":{"start":{"line":15,"column":12},"end":{"line":15,"column":64}},"9":{"start":{"line":16,"column":12},"end":{"line":16,"column":19}},"10":{"start":{"line":19,"column":8},"end":{"line":22,"column":9}},"11":{"start":{"line":20,"column":12},"end":{"line":20,"column":83}},"12":{"start":{"line":21,"column":12},"end":{"line":21,"column":19}},"13":{"start":{"line":24,"column":23},"end":{"line":26,"column":43}},"14":{"start":{"line":28,"column":8},"end":{"line":35,"column":9}},"15":{"start":{"line":29,"column":12},"end":{"line":31,"column":13}},"16":{"start":{"line":30,"column":16},"end":{"line":30,"column":56}},"17":{"start":{"line":34,"column":12},"end":{"line":34,"column":48}},"18":{"start":{"line":38,"column":32},"end":{"line":51,"column":5}},"19":{"start":{"line":39,"column":8},"end":{"line":42,"column":9}},"20":{"start":{"line":40,"column":12},"end":{"line":40,"column":60}},"21":{"start":{"line":41,"column":12},"end":{"line":41,"column":19}},"22":{"start":{"line":44,"column":23},"end":{"line":44,"column":49}},"23":{"start":{"line":45,"column":8},"end":{"line":50,"column":9}},"24":{"start":{"line":46,"column":12},"end":{"line":46,"column":52}},"25":{"start":{"line":47,"column":12},"end":{"line":47,"column":40}},"26":{"start":{"line":49,"column":12},"end":{"line":49,"column":48}},"27":{"start":{"line":53,"column":4},"end":{"line":140,"column":6}},"28":{"start":{"line":87,"column":53},"end":{"line":87,"column":80}},"29":{"start":{"line":127,"column":57},"end":{"line":127,"column":83}},"30":{"start":{"line":132,"column":53},"end":{"line":132,"column":73}},"31":{"start":{"line":143,"column":15},"end":{"line":202,"column":2}}},"fnMap":{"0":{"name":"(anonymous_0)","decl":{"start":{"line":5,"column":19},"end":{"line":5,"column":20}},"loc":{"start":{"line":5,"column":39},"end":{"line":141,"column":1}},"line":5},"1":{"name":"(anonymous_1)","decl":{"start":{"line":13,"column":23},"end":{"line":13,"column":24}},"loc":{"start":{"line":13,"column":35},"end":{"line":36,"column":5}},"line":13},"2":{"name":"(anonymous_2)","decl":{"start":{"line":38,"column":32},"end":{"line":38,"column":33}},"loc":{"start":{"line":38,"column":44},"end":{"line":51,"column":5}},"line":38},"3":{"name":"(anonymous_3)","decl":{"start":{"line":87,"column":47},"end":{"line":87,"column":48}},"loc":{"start":{"line":87,"column":53},"end":{"line":87,"column":80}},"line":87},"4":{"name":"(anonymous_4)","decl":{"start":{"line":127,"column":51},"end":{"line":127,"column":52}},"loc":{"start":{"line":127,"column":57},"end":{"line":127,"column":83}},"line":127},"5":{"name":"(anonymous_5)","decl":{"start":{"line":132,"column":47},"end":{"line":132,"column":48}},"loc":{"start":{"line":132,"column":53},"end":{"line":132,"column":73}},"line":132}},"branchMap":{"0":{"loc":{"start":{"line":14,"column":8},"end":{"line":17,"column":9}},"type":"if","locations":[{"start":{"line":14,"column":8},"end":{"line":17,"column":9}},{"start":{},"end":{}}],"line":14},"1":{"loc":{"start":{"line":14,"column":12},"end":{"line":14,"column":31}},"type":"binary-expr","locations":[{"start":{"line":14,"column":12},"end":{"line":14,"column":18}},{"start":{"line":14,"column":22},"end":{"line":14,"column":31}}],"line":14},"2":{"loc":{"start":{"line":19,"column":8},"end":{"line":22,"column":9}},"type":"if","locations":[{"start":{"line":19,"column":8},"end":{"line":22,"column":9}},{"start":{},"end":{}}],"line":19},"3":{"loc":{"start":{"line":24,"column":23},"end":{"line":26,"column":43}},"type":"cond-expr","locations":[{"start":{"line":25,"column":14},"end":{"line":25,"column":43}},{"start":{"line":26,"column":14},"end":{"line":26,"column":43}}],"line":24},"4":{"loc":{"start":{"line":28,"column":8},"end":{"line":35,"column":9}},"type":"if","locations":[{"start":{"line":28,"column":8},"end":{"line":35,"column":9}},{"start":{"line":33,"column":15},"end":{"line":35,"column":9}}],"line":28},"5":{"loc":{"start":{"line":29,"column":12},"end":{"line":31,"column":13}},"type":"if","locations":[{"start":{"line":29,"column":12},"end":{"line":31,"column":13}},{"start":{},"end":{}}],"line":29},"6":{"loc":{"start":{"line":29,"column":16},"end":{"line":29,"column":42}},"type":"binary-expr","locations":[{"start":{"line":29,"column":16},"end":{"line":29,"column":24}},{"start":{"line":29,"column":28},"end":{"line":29,"column":42}}],"line":29},"7":{"loc":{"start":{"line":39,"column":8},"end":{"line":42,"column":9}},"type":"if","locations":[{"start":{"line":39,"column":8},"end":{"line":42,"column":9}},{"start":{},"end":{}}],"line":39},"8":{"loc":{"start":{"line":45,"column":8},"end":{"line":50,"column":9}},"type":"if","locations":[{"start":{"line":45,"column":8},"end":{"line":50,"column":9}},{"start":{"line":48,"column":15},"end":{"line":50,"column":9}}],"line":45},"9":{"loc":{"start":{"line":56,"column":17},"end":{"line":56,"column":94}},"type":"cond-expr","locations":[{"start":{"line":56,"column":37},"end":{"line":56,"column":56}},{"start":{"line":56,"column":60},"end":{"line":56,"column":93}}],"line":56},"10":{"loc":{"start":{"line":56,"column":60},"end":{"line":56,"column":93}},"type":"cond-expr","locations":[{"start":{"line":56,"column":70},"end":{"line":56,"column":78}},{"start":{"line":56,"column":81},"end":{"line":56,"column":93}}],"line":56},"11":{"loc":{"start":{"line":59,"column":13},"end":{"line":138,"column":13}},"type":"cond-expr","locations":[{"start":{"line":60,"column":16},"end":{"line":90,"column":19}},{"start":{"line":92,"column":16},"end":{"line":137,"column":19}}],"line":59},"12":{"loc":{"start":{"line":76,"column":47},"end":{"line":76,"column":79}},"type":"binary-expr","locations":[{"start":{"line":76,"column":47},"end":{"line":76,"column":54}},{"start":{"line":76,"column":58},"end":{"line":76,"column":79}}],"line":76},"13":{"loc":{"start":{"line":80,"column":25},"end":{"line":84,"column":25}},"type":"cond-expr","locations":[{"start":{"line":81,"column":28},"end":{"line":81,"column":63}},{"start":{"line":83,"column":28},"end":{"line":83,"column":78}}],"line":80},"14":{"loc":{"start":{"line":113,"column":47},"end":{"line":113,"column":79}},"type":"binary-expr","locations":[{"start":{"line":113,"column":47},"end":{"line":113,"column":54}},{"start":{"line":113,"column":58},"end":{"line":113,"column":79}}],"line":113},"15":{"loc":{"start":{"line":117,"column":25},"end":{"line":123,"column":25}},"type":"cond-expr","locations":[{"start":{"line":118,"column":28},"end":{"line":118,"column":63}},{"start":{"line":120,"column":28},"end":{"line":122,"column":35}}],"line":117},"16":{"loc":{"start":{"line":121,"column":33},"end":{"line":121,"column":66}},"type":"cond-expr","locations":[{"start":{"line":121,"column":43},"end":{"line":121,"column":51}},{"start":{"line":121,"column":54},"end":{"line":121,"column":66}}],"line":121},"17":{"loc":{"start":{"line":126,"column":21},"end":{"line":130,"column":21}},"type":"binary-expr","locations":[{"start":{"line":126,"column":21},"end":{"line":126,"column":28}},{"start":{"line":127,"column":24},"end":{"line":129,"column":43}}],"line":126},"18":{"loc":{"start":{"line":134,"column":29},"end":{"line":134,"column":102}},"type":"cond-expr","locations":[{"start":{"line":134,"column":39},"end":{"line":134,"column":71}},{"start":{"line":134,"column":74},"end":{"line":134,"column":102}}],"line":134}},"s":{"0":0,"1":0,"2":0,"3":0,"4":0,"5":0,"6":0,"7":0,"8":0,"9":0,"10":0,"11":0,"12":0,"13":0,"14":0,"15":0,"16":0,"17":0,"18":0,"19":0,"20":0,"21":0,"22":0,"23":0,"24":0,"25":0,"26":0,"27":0,"28":0,"29":0,"30":0,"31":0},"f":{"0":0,"1":0,"2":0,"3":0,"4":0,"5":0},"b":{"0":[0,0],"1":[0,0],"2":[0,0],"3":[0,0],"4":[0,0],"5":[0,0],"6":[0,0],"7":[0,0],"8":[0,0],"9":[0,0],"10":[0,0],"11":[0,0],"12":[0,0],"13":[0,0],"14":[0,0],"15":[0,0],"16":[0,0],"17":[0,0],"18":[0,0]}}
,"/Users/roccosantonastasio/Documents/Android app/ArmadioDigitale/src/screens/DetailScreen.js": {"path":"/Users/roccosantonastasio/Documents/Android app/ArmadioDigitale/src/screens/DetailScreen.js","statementMap":{"0":{"start":{"line":10,"column":21},"end":{"line":118,"column":1}},"1":{"start":{"line":11,"column":19},"end":{"line":11,"column":31}},"2":{"start":{"line":12,"column":32},"end":{"line":12,"column":47}},"3":{"start":{"line":13,"column":46},"end":{"line":13,"column":60}},"4":{"start":{"line":14,"column":32},"end":{"line":14,"column":47}},"5":{"start":{"line":16,"column":21},"end":{"line":30,"column":3}},"6":{"start":{"line":17,"column":4},"end":{"line":17,"column":21}},"7":{"start":{"line":18,"column":4},"end":{"line":29,"column":5}},"8":{"start":{"line":19,"column":6},"end":{"line":22,"column":46}},"9":{"start":{"line":23,"column":6},"end":{"line":23,"column":24}},"10":{"start":{"line":24,"column":6},"end":{"line":24,"column":52}},"11":{"start":{"line":26,"column":6},"end":{"line":26,"column":39}},"12":{"start":{"line":28,"column":6},"end":{"line":28,"column":24}},"13":{"start":{"line":32,"column":23},"end":{"line":62,"column":3}},"14":{"start":{"line":33,"column":4},"end":{"line":61,"column":6}},"15":{"start":{"line":42,"column":12},"end":{"line":42,"column":29}},"16":{"start":{"line":43,"column":12},"end":{"line":57,"column":13}},"17":{"start":{"line":44,"column":14},"end":{"line":46,"column":15}},"18":{"start":{"line":45,"column":16},"end":{"line":45,"column":63}},"19":{"start":{"line":47,"column":14},"end":{"line":50,"column":26}},"20":{"start":{"line":51,"column":14},"end":{"line":51,"column":56}},"21":{"start":{"line":52,"column":14},"end":{"line":52,"column":34}},"22":{"start":{"line":54,"column":14},"end":{"line":54,"column":47}},"23":{"start":{"line":56,"column":14},"end":{"line":56,"column":32}},"24":{"start":{"line":64,"column":2},"end":{"line":117,"column":4}},"25":{"start":{"line":68,"column":43},"end":{"line":68,"column":62}},"26":{"start":{"line":77,"column":14},"end":{"line":86,"column":21}},"27":{"start":{"line":81,"column":40},"end":{"line":81,"column":93}},"28":{"start":{"line":81,"column":67},"end":{"line":81,"column":91}},"29":{"start":{"line":92,"column":95},"end":{"line":92,"column":112}},"30":{"start":{"line":106,"column":93},"end":{"line":106,"column":109}},"31":{"start":{"line":120,"column":15},"end":{"line":139,"column":2}}},"fnMap":{"0":{"name":"(anonymous_0)","decl":{"start":{"line":10,"column":21},"end":{"line":10,"column":22}},"loc":{"start":{"line":10,"column":48},"end":{"line":118,"column":1}},"line":10},"1":{"name":"(anonymous_1)","decl":{"start":{"line":16,"column":21},"end":{"line":16,"column":22}},"loc":{"start":{"line":16,"column":33},"end":{"line":30,"column":3}},"line":16},"2":{"name":"(anonymous_2)","decl":{"start":{"line":32,"column":23},"end":{"line":32,"column":24}},"loc":{"start":{"line":32,"column":29},"end":{"line":62,"column":3}},"line":32},"3":{"name":"(anonymous_3)","decl":{"start":{"line":41,"column":19},"end":{"line":41,"column":20}},"loc":{"start":{"line":41,"column":31},"end":{"line":58,"column":11}},"line":41},"4":{"name":"(anonymous_4)","decl":{"start":{"line":68,"column":37},"end":{"line":68,"column":38}},"loc":{"start":{"line":68,"column":43},"end":{"line":68,"column":62}},"line":68},"5":{"name":"(anonymous_5)","decl":{"start":{"line":76,"column":68},"end":{"line":76,"column":69}},"loc":{"start":{"line":77,"column":14},"end":{"line":86,"column":21}},"line":77},"6":{"name":"(anonymous_6)","decl":{"start":{"line":81,"column":32},"end":{"line":81,"column":33}},"loc":{"start":{"line":81,"column":40},"end":{"line":81,"column":93}},"line":81},"7":{"name":"(anonymous_7)","decl":{"start":{"line":81,"column":58},"end":{"line":81,"column":59}},"loc":{"start":{"line":81,"column":67},"end":{"line":81,"column":91}},"line":81},"8":{"name":"(anonymous_8)","decl":{"start":{"line":92,"column":89},"end":{"line":92,"column":90}},"loc":{"start":{"line":92,"column":95},"end":{"line":92,"column":112}},"line":92},"9":{"name":"(anonymous_9)","decl":{"start":{"line":106,"column":87},"end":{"line":106,"column":88}},"loc":{"start":{"line":106,"column":93},"end":{"line":106,"column":109}},"line":106}},"branchMap":{"0":{"loc":{"start":{"line":44,"column":14},"end":{"line":46,"column":15}},"type":"if","locations":[{"start":{"line":44,"column":14},"end":{"line":46,"column":15}},{"start":{},"end":{}}],"line":44},"1":{"loc":{"start":{"line":65,"column":61},"end":{"line":65,"column":106}},"type":"cond-expr","locations":[{"start":{"line":65,"column":85},"end":{"line":65,"column":94}},{"start":{"line":65,"column":97},"end":{"line":65,"column":106}}],"line":65},"2":{"loc":{"start":{"line":74,"column":9},"end":{"line":114,"column":9}},"type":"cond-expr","locations":[{"start":{"line":75,"column":10}
[...]
,"/Users/roccosantonastasio/Documents/Android app/ArmadioDigitale/src/screens/OutfitBuilderScreen.js": {"path":"/Users/roccosantonastasio/Documents/Android app/ArmadioDigitale/src/screens/OutfitBuilderScreen.js","statementMap":{"0":{"start":{"line":9,"column":28},"end":{"line":95,"column":1}},"1":{"start":{"line":10,"column":21},"end":{"line":10,"column":67}},"2":{"start":{"line":11,"column":34},"end":{"line":11,"column":46}},"3":{"start":{"line":12,"column":40},"end":{"line":12,"column":54}},"4":{"start":{"line":13,"column":34},"end":{"line":13,"column":49}},"5":{"start":{"line":14,"column":30},"end":{"line":14,"column":42}},"6":{"start":{"line":15,"column":44},"end":{"line":15,"column":58}},"7":{"start":{"line":17,"column":4},"end":{"line":25,"column":15}},"8":{"start":{"line":18,"column":8},"end":{"line":18,"column":31}},"9":{"start":{"line":18,"column":24},"end":{"line":18,"column":31}},"10":{"start":{"line":19,"column":21},"end":{"line":19,"column":66}},"11":{"start":{"line":20,"column":22},"end":{"line":23,"column":40}},"12":{"start":{"line":21,"column":12},"end":{"line":21,"column":67}},"13":{"start":{"line":21,"column":38},"end":{"line":21,"column":63}},"14":{"start":{"line":22,"column":12},"end":{"line":22,"column":35}},"15":{"start":{"line":23,"column":17},"end":{"line":23,"column":39}},"16":{"start":{"line":24,"column":8},"end":{"line":24,"column":29}},"17":{"start":{"line":24,"column":21},"end":{"line":24,"column":28}},"18":{"start":{"line":27,"column":27},"end":{"line":38,"column":5}},"19":{"start":{"line":28,"column":8},"end":{"line":28,"column":36}},"20":{"start":{"line":28,"column":29},"end":{"line":28,"column":36}},"21":{"start":{"line":29,"column":8},"end":{"line":29,"column":39}},"22":{"start":{"line":29,"column":32},"end":{"line":29,"column":39}},"23":{"start":{"line":30,"column":8},"end":{"line":30,"column":25}},"24":{"start":{"line":31,"column":8},"end":{"line":31,"column":28}},"25":{"start":{"line":32,"column":8},"end":{"line":37,"column":9}},"26":{"start":{"line":33,"column":24},"end":{"line":33,"column":65}},"27":{"start":{"line":34,"column":12},"end":{"line":34,"column":31}},"28":{"start":{"line":36,"column":12},"end":{"line":36,"column":30}},"29":{"start":{"line":40,"column":4},"end":{"line":94,"column":6}},"30":{"start":{"line":43,"column":49},"end":{"line":43,"column":68}},"31":{"start":{"line":85,"column":32},"end":{"line":85,"column":103}},"32":{"start":{"line":97,"column":15},"end":{"line":113,"column":2}}},"fnMap":{"0":{"name":"(anonymous_0)","decl":{"start":{"line":9,"column":28},"end":{"line":9,"column":29}},"loc":{"start":{"line":9,"column":55},"end":{"line":95,"column":1}},"line":9},"1":{"name":"(anonymous_1)","decl":{"start":{"line":17,"column":14},"end":{"line":17,"column":15}},"loc":{"start":{"line":17,"column":20},"end":{"line":25,"column":5}},"line":17},"2":{"name":"(anonymous_2)","decl":{"start":{"line":20,"column":62},"end":{"line":20,"column":63}},"loc":{"start":{"line":20,"column":67},"end":{"line":23,"column":9}},"line":20},"3":{"name":"(anonymous_3)","decl":{"start":{"line":21,"column":32},"end":{"line":21,"column":33}},"loc":{"start":{"line":21,"column":38},"end":{"line":21,"column":63}},"line":21},"4":{"name":"(anonymous_4)","decl":{"start":{"line":23,"column":11},"end":{"line":23,"column":12}},"loc":{"start":{"line":23,"column":17},"end":{"line":23,"column":39}},"line":23},"5":{"name":"(anonymous_5)","decl":{"start":{"line":24,"column":15},"end":{"line":24,"column":16}},"loc":{"start":{"line":24,"column":21},"end":{"line":24,"column":28}},"line":24},"6":{"name":"(anonymous_6)","decl":{"start":{"line":27,"column":27},"end":{"line":27,"column":28}},"loc":{"start":{"line":27,"column":39},"end":{"line":38,"column":5}},"line":27},"7":{"name":"(anonymous_7)","decl":{"start":{"line":43,"column":43},"end":{"line":43,"column":44}},"loc":{"start":{"line":43,"column":49},"end":{"line":43,"column":68}},"line":43},"8":{"name":"(anonymous_8)","decl":{"start":{"line":84,"column":51},"end":{"line":84,"column":52}},"loc":{"start":{"line":85,"column":32},"end":{"line":85,"column":103}},"line":85}},"branchMap":{"0":{"loc":{"start":{"line":10,"column":21},"end":{"line":10,"column":67}},"type":"binary-expr","locations":[{"start":{"line":10,"column":21},"end":{"line":10,"column":33}},{"start":{"line":10,"column":37},"end":{"line":10,"column":67}}],"line":10},"1":{"loc":{"start":{"line":18,"column":8},"end":{"line":18,"column":31}},"type":"if","locations":[{"start":{"line":18,"column":8},"end":{"line":18,"column":31}},{"start":{},"end":{}}],"line":18},"2":{"loc":{"start":{"line":28,"column":8},"end":{"line":28,"column":36}},"type":"if","locations":[{"start":{"line":28,"column":8},"end":{"line":28,"column":36}},{"start":{},"end":{}}],"line":28},"3":{"loc":{"start":{"line":29,"column":8},"end":{"line":29,"column":39}},"type":"if","locations":[{"start":{"line":29,"column":8},"end":{"line":29,"column":39}},{"start":{},"end":{}}],"line":29},"4":{"loc":{"start":{"line":59,"column":25},"end":{"line":66,"column":25}},"type":"cond-expr","locations":[{"start":{"line":60,"column":28},"end":{"line":63,"column":35}},{"start":{"line":65,"column":28},"end":{"line":65,"column":116}}],"line":59},"5":{"loc":{"start":{"line":69,"column":17},"end":{"line":74,"column":17}},"type":"binary-expr","locations":[{"start":{"line":69,"column":17},"end":{"line":69,"column":27}},{"start":{"line":70,"column":20},"end":{"line":73,"column":27}}],"line":69},"6":{"loc":{"start":{"line":75,"column":17},"end":{"line":91,"column":17}},"type":"cond-expr","locations":[{"start":{"line":76,"column":20},"end":{"line":79,"column":27}},{"start":{"line":81,"column":20},"end":{"line":90,"column":27}}],"line":75},"7":{"loc":{"start":{"line":87,"column":29},"end":{"line":87,"column":114}},"type":"binary-expr","locations":[{"start":{"line":87,"column":29},"end":{"line":87,"column":45}},{"start":{"line":87,"column":49},"end":{"line":87,"column":114}}],"line":87}},"s":{"0":0,"1":0,"2":0,"3":0,"4":0,"5":0,"6":0,"7":0,"8":0,"9":0,"10":0,"11":0,"12":0,"13":0,"14":0,"15":0,"16":0,"17":0,"18":0,"19":0,"20":0,"21":0,"22":0,"23":0,"24":0,"25":0,"26":0,"27":0,"28":0,"29":0,"30":0,"31":0,"32":0},"f":{"0":0,"1":0,"2":0,"3":0,"4":0,"5":0,"6":0,"7":0,"8":0},"b":{"0":[0,0],"1":[0,0],"2":[0,0],"3":[0,0],"4":[0,0],"5":[0,0],"6":[0,0],"7":[0,0]}}
,"/Users/roccosantonastasio/Documents/Android app/ArmadioDigitale/src/screens/ProfileScreen.js": {"path":"/Users/roccosantonastasio/Documents/Android app/ArmadioDigitale/src/screens/ProfileScreen.js","statementMap":{"0":{"start":{"line":11,"column":22},"end":{"line":149,"column":1}},"1":{"start":{"line":12,"column":75},"end":{"line":12,"column":84}},"2":{"start":{"line":13,"column":38},"end":{"line":13,"column":49}},"3":{"start":{"line":14,"column":32},"end":{"line":14,"column":46}},"4":{"start":{"line":16,"column":2},"end":{"line":23,"column":13}},"5":{"start":{"line":17,"column":4},"end":{"line":17,"column":27}},"6":{"start":{"line":17,"column":20},"end":{"line":17,"column":27}},"7":{"start":{"line":18,"column":17},"end":{"line":18,"column":62}},"8":{"start":{"line":19,"column":4},"end":{"line":22,"column":38}},"9":{"start":{"line":20,"column":6},"end":{"line":20,"column":28}},"10":{"start":{"line":21,"column":6},"end":{"line":21,"column":24}},"11":{"start":{"line":22,"column":19},"end":{"line":22,"column":36}},"12":{"start":{"line":25,"column":23},"end":{"line":45,"column":3}},"13":{"start":{"line":26,"column":4},"end":{"line":44,"column":6}},"14":{"start":{"line":35,"column":27},"end":{"line":35,"column":42}},"15":{"start":{"line":36,"column":12},"end":{"line":40,"column":13}},"16":{"start":{"line":37,"column":14},"end":{"line":37,"column":82}},"17":{"start":{"line":39,"column":14},"end":{"line":39,"column":50}},"18":{"start":{"line":47,"column":35},"end":{"line":55,"column":3}},"19":{"start":{"line":48,"column":19},"end":{"line":48,"column":50}},"20":{"start":{"line":49,"column":4},"end":{"line":54,"column":5}},"21":{"start":{"line":50,"column":6},"end":{"line":50,"column":46}},"22":{"start":{"line":51,"column":6},"end":{"line":51,"column":74}},"23":{"start":{"line":53,"column":6},"end":{"line":53,"column":42}},"24":{"start":{"line":57,"column":2},"end":{"line":148,"column":4}},"25":{"start":{"line":151,"column":15},"end":{"line":197,"column":2}}},"fnMap":{"0":{"name":"(anonymous_0)","decl":{"start":{"line":11,"column":22},"end":{"line":11,"column":23}},"loc":{"start":{"line":11,"column":42},"end":{"line":149,"column":1}},"line":11},"1":{"name":"(anonymous_1)","decl":{"start":{"line":16,"column":12},"end":{"line":16,"column":13}},"loc":{"start":{"line":16,"column":18},"end":{"line":23,"column":3}},"line":16},"2":{"name":"(anonymous_2)","decl":{"start":{"line":19,"column":44},"end":{"line":19,"column":45}},"loc":{"start":{"line":19,"column":49},"end":{"line":22,"column":5}},"line":19},"3":{"name":"(anonymous_3)","decl":{"start":{"line":22,"column":13},"end":{"line":22,"column":14}},"loc":{"start":{"line":22,"column":19},"end":{"line":22,"column":36}},"line":22},"4":{"name":"(anonymous_4)","decl":{"start":{"line":25,"column":23},"end":{"line":25,"column":24}},"loc":{"start":{"line":25,"column":35},"end":{"line":45,"column":3}},"line":25},"5":{"name":"(anonymous_5)","decl":{"start":{"line":34,"column":19},"end":{"line":34,"column":20}},"loc":{"start":{"line":34,"column":31},"end":{"line":41,"column":11}},"line":34},"6":{"name":"(anonymous_6)","decl":{"start":{"line":47,"column":35},"end":{"line":47,"column":36}},"loc":{"start":{"line":47,"column":47},"end":{"line":55,"column":3}},"line":47}},"branchMap":{"0":{"loc":{"start":{"line":17,"column":4},"end":{"line":17,"column":27}},"type":"if","locations":[{"start":{"line":17,"column":4},"end":{"line":17,"column":27}},{"start":{},"end":{}}],"line":17},"1":{"loc":{"start":{"line":36,"column":12},"end":{"line":40,"column":13}},"type":"if","locations":[{"start":{"line":36,"column":12},"end":{"line":40,"column":13}},{"start":{"line":38,"column":19},"end":{"line":40,"column":13}}],"line":36},"2":{"loc":{"start":{"line":49,"column":4},"end":{"line":54,"column":5}},"type":"if","locations":[{"start":{"line":49,"column":4},"end":{"line":54,"column":5}},{"start":{"line":52,"column":11},"end":{"line":54,"column":5}}],"line":49},"3":{"loc":{"start":{"line":69,"column":15},"end":{"line":69,"column":74}},"type":"binary-expr","locations":[{"start":{"line":69,"column":15},"end":{"line":69,"column":32}},{"start":{"line":69,"column":36},"end":{"line":69,"column":62}},{"start":{"line":69,"column":66},"end":{"line":69,"column":74}}],"line":69},"4":{"loc":{"start":{"line":73,"column":46},"end":{"line":73,"column":79}},"type":"binary-expr","locations":[{"start":{"line":73,"column":46},"end":{"line":73,"column":57}},{"start":{"line":73,"column":61},"end":{"line":73,"column":79}}],"line":73},"5":{"loc":{"start":{"line":76,"column":13},"end":{"line":87,"column":13}},"type":"binary-expr","locations":[{"start":{"line":76,"column":13},"end":{"line":76,"column":17}},{"start":{"line":76,"column":21},"end":{"line":76,"column":40}},{"start":{"line":77,"column":14},"end":{"line":86,"column":33}}],"line":76},"6":{"loc":{"start":{"line":94,"column":48},"end":{"line":94,"column":76}},"type":"cond-expr","locations":[{"start":{"line":94,"column":58},"end":{"line":94,"column":63}},{"start":{"line":94,"column":66},"end":{"line":94,"column":76}}],"line":94},"7":{"loc":{"start":{"line":134,"column":13},"end":{"line":141,"column":13}},"type":"cond-expr","locations":[{"start":{"line":135,"column":14},"end":{"line":135,"column":48}},{"start":{"line":137,"column":14},"end":{"line":140,"column":17}}],"line":134}},"s":{"0":0,"1":0,"2":0,"3":0,"4":0,"5":0,"6":0,"7":0,"8":0,"9":0,"10":0,"11":0,"12":0,"13":0,"14":0,"15":0,"16":0,"17":0,"18":0,"19":0,"20":0,"21":0,"22":0,"23":0,"24":0,"25":0},"f":{"0":0,"1":0,"2":0,"3":0,"4":0,"5":0,"6":0},"b":{"0":[0,0],"1":[0,0],"2":[0,0],"3":[0,0,0],"4":[0,0],"5":[0,0,0],"6":[0,0],"7":[0,0]}}
,"/Users/roccosantonastasio/Documents/Android app/ArmadioDigitale/src/screens/StatsScreen.js": {"path":"/Users/roccosantonastasio/Documents/Android app/ArmadioDigitale/src/screens/StatsScreen.js","statementMap":{"0":{"start":{"line":9,"column":20},"end":{"line":73,"column":1}},"1":{"start":{"line":10,"column":19},"end":{"line":10,"column":65}},"2":{"start":{"line":11,"column":28},"end":{"line":11,"column":109}},"3":{"start":{"line":12,"column":32},"end":{"line":12,"column":46}},"4":{"start":{"line":14,"column":2},"end":{"line":30,"column":13}},"5":{"start":{"line":15,"column":4},"end":{"line":15,"column":27}},"6":{"start":{"line":15,"column":20},"end":{"line":15,"column":27}},"7":{"start":{"line":16,"column":15},"end":{"line":16,"column":60}},"8":{"start":{"line":17,"column":18},"end":{"line":28,"column":31}},"9":{"start":{"line":18,"column":20},"end":{"line":18,"column":45}},"10":{"start":{"line":18,"column":36},"end":{"line":18,"column":44}},"11":{"start":{"line":19,"column":25},"end":{"line":19,"column":27}},"12":{"start":{"line":19,"column":39},"end":{"line":19,"column":41}},"13":{"start":{"line":19,"column":53},"end":{"line":19,"column":55}},"14":{"start":{"line":19,"column":66},"end":{"line":19,"column":68}},"15":{"start":{"line":20,"column":6},"end":{"line":25,"column":9}},"16":{"start":{"line":21,"column":8},"end":{"line":21,"column":69}},"17":{"start":{"line":22,"column":8},"end":{"line":22,"column":65}},"18":{"start":{"line":23,"column":8},"end":{"line":23,"column":71}},"19":{"start":{"line":23,"column":22},"end":{"line":23,"column":71}},"20":{"start":{"line":24,"column":8},"end":{"line":24,"column":66}},"21":{"start":{"line":24,"column":21},"end":{"line":24,"column":66}},"22":{"start":{"line":26,"column":6},"end":{"line":26,"column":83}},"23":{"start":{"line":27,"column":6},"end":{"line":27,"column":24}},"24":{"start":{"line":28,"column":13},"end":{"line":28,"column":30}},"25":{"start":{"line":29,"column":4},"end":{"line":29,"column":25}},"26":{"start":{"line":29,"column":17},"end":{"line":29,"column":24}},"27":{"start":{"line":32,"column":24},"end":{"line":46,"column":3}},"28":{"start":{"line":33,"column":16},"end":{"line":33,"column":72}},"29":{"start":{"line":33,"column":51},"end":{"line":33,"column":60}},"30":{"start":{"line":34,"column":4},"end":{"line":34,"column":38}},"31":{"start":{"line":34,"column":26},"end":{"line":34,"column":38}},"32":{"start":{"line":35,"column":4},"end":{"line":45,"column":6}},"33":{"start":{"line":39,"column":10},"end":{"line":42,"column":17}},"34":{"start":{"line":48,"column":2},"end":{"line":57,"column":3}},"35":{"start":{"line":49,"column":4},"end":{"line":56,"column":6}},"36":{"start":{"line":59,"column":2},"end":{"line":72,"column":4}},"37":{"start":{"line":75,"column":15},"end":{"line":89,"column":2}}},"fnMap":{"0":{"name":"(anonymous_0)","decl":{"start":{"line":9,"column":20},"end":{"line":9,"column":21}},"loc":{"start":{"line":9,"column":35},"end":{"line":73,"column":1}},"line":9},"1":{"name":"(anonymous_1)","decl":{"start":{"line":14,"column":12},"end":{"line":14,"column":13}},"loc":{"start":{"line":14,"column":18},"end":{"line":30,"column":3}},"line":14},"2":{"name":"(anonymous_2)","decl":{"start":{"line":17,"column":58},"end":{"line":17,"column":59}},"loc":{"start":{"line":17,"column":63},"end":{"line":28,"column":5}},"line":17},"3":{"name":"(anonymous_3)","decl":{"start":{"line":18,"column":31},"end":{"line":18,"column":32}},"loc":{"start":{"line":18,"column":36},"end":{"line":18,"column":44}},"line":18},"4":{"name":"(anonymous_4)","decl":{"start":{"line":20,"column":20},"end":{"line":20,"column":21}},"loc":{"start":{"line":20,"column":26},"end":{"line":25,"column":7}},"line":20},"5":{"name":"(anonymous_5)","decl":{"start":{"line":28,"column":7},"end":{"line":28,"column":8}},"loc":{"start":{"line":28,"column":13},"end":{"line":28,"column":30}},"line":28},"6":{"name":"(anonymous_6)","decl":{"start":{"line":29,"column":11},"end":{"line":29,"column":12}},"loc":{"start":{"line":29,"column":17},"end":{"line":29,"column":24}},"line":29},"7":{"name":"(anonymous_7)","decl":{"start":{"line":32,"column":24},"end":{"line":32,"column":25}},"loc":{"start":{"line":32,"column":41},"end":{"line":46,"column":3}},"line":32},"8":{"name":"(anonymous_8)","decl":{"start":{"line":33,"column":42},"end":{"line":33,"column":43}},"loc":{"start":{"line":33,"column":51},"end":{"line":33,"column":60}},"line":33},"9":{"name":"(anonymous_9)","decl":{"start":{"line":38,"column":17},"end":{"line":38,"column":18}},"loc":{"start":{"line":39,"column":10},"end":{"line":42,"column":17}},"line":39}},"branchMap":{"0":{"loc":{"start":{"line":10,"column":19},"end":{"line":10,"column":65}},"type":"binary-expr","locations":[{"start":{"line":10,"column":19},"end":{"line":10,"column":31}},{"start":{"line":10,"column":35},"end":{"line":10,"column":65}}],"line":10},"1":{"loc":{"start":{"line":15,"column":4},"end":{"line":15,"column":27}},"type":"if","locations":[{"start":{"line":15,"column":4},"end":{"line":15,"column":27}},{"start":{},"end":{}}],"line":15},"2":{"loc":{"start":{"line":21,"column":35},"end":{"line":21,"column":63}},"type":"binary-expr","locations":[{"start":{"line":21,"column":35},"end":{"line":21,"column":58}},{"start":{"line":21,"column":62},"end":{"line":21,"column":63}}],"line":21},"3":{"loc":{"start":{"line":22,"column":33},"end":{"line":22,"column":59}},"type":"binary-expr","locations":[{"start":{"line":22,"column":33},"end":{"line":22,"column":54}},{"start":{"line":22,"column":58},"end":{"line":22,"column":59}}],"line":22},"4":{"loc":{"start":{"line":23,"column":8},"end":{"line":23,"column":71}},"type":"if","locations":[{"start":{"line":23,"column":8},"end":{"line":23,"column":71}},{"start":{},"end":{}}],"line":23},"5":{"loc":{"start":{"line":23,"column":43},"end":{"line":23,"column":65}},"type":"binary-expr","locations":[{"start":{"line":23,"column":43},"end":{"line":23,"column":60}},{"start":{"line":23,"column":64},"end":{"line":23,"column":65}}],"line":23},"6":{"loc":{"start":{"line":24,"column":8},"end":{"line":24,"column":66}},"type":"if","locations":[{"start":{"line":24,"column":8},"end":{"line":24,"column":66}},{"start":{},"end":{}}],"line":24},"7":{"loc":{"start":{"line":24,"column":40},"end":{"line":24,"column":60}},"type":"binary-expr","locations":[{"start":{"line":24,"column":40},"end":{"line":24,"column":55}},{"start":{"line":24,"column":59},"end":{"line":24,"column":60}}],"line":24},"8":{"loc":{"start":{"line":34,"column":4},"end":{"line":34,"column":38}},"type":"if","locations":[{"start":{"line":34,"column":4},"end":{"line":34,"column":38}},{"start":{},"end":{}}],"line":34},"9":{"loc":{"start":{"line":48,"column":2},"end":{"line":57,"column":3}},"type":"if","locations":[{"start":{"line":48,"column":2},"end":{"line":57,"column":3}},{"start":{},"end":{}}],"line":48}},"s":{"0":0,"1":0,"2":0,"3":0,"4":0,"5":0,"6":0,"7":0,"8":0,"9":0,"10":0,"11":0,"12":0,"13":0,"14":0,"15":0,"16":0,"17":0,"18":0,"19":0,"20":0,"21":0,"22":0,"23":0,"24":0,"25":0,"26":0,"27":0,"28":0,"29":0,"30":0,"31":0,"32":0,"33":0,"34":0,"35":0,"36":0,"37":0},"f":{"0":0,"1":0,"2":0,"3":0,"4":0,"5":0,"6":0,"7":0,"8":0,"9":0},"b":{"0":[0,0],"1":[0,0],"2":[0,0],"3":[0,0],"4":[0,0],"5":[0,0],"6":[0,0],"7":[0,0],"8":[0,0],"9":[0,0]}}
,"/Users/roccosantonastasio/Documents/Android app/ArmadioDigitale/src/theme/colors.js": {"path":"/Users/roccosantonastasio/Documents/Android app/ArmadioDigitale/src/theme/colors.js","statementMap":{"0":{"start":{"line":2,"column":22},"end":{"line":21,"column":1}}},"fnMap":{},"branchMap":{},"s":{"0":0},"f":{},"b":{}}
}
